#
# A fatal error has been detected by the Java Runtime Environment:
#
#  SIGSEGV (0xb) at pc=0x00007f0ec8020b00, pid=76393, tid=76413
#
# JRE version: OpenJDK Runtime Environment (11.0.18+10) (build 11.0.18+10-post-Ubuntu-0ubuntu122.04)
# Java VM: OpenJDK 64-Bit Server VM (11.0.18+10-post-Ubuntu-0ubuntu122.04, mixed mode, sharing, tiered, compressed oops, g1 gc, linux-amd64)
# Problematic frame:
# C  0x00007f0ec8020b00
#
# Core dump will be written. Default location: Core dumps may be processed with "/usr/share/apport/apport -p%p -s%s -c%c -d%d -P%P -u%u -g%g -- %E" (or dumping to /home/nik/open-kilda/src-java/floodlightrouter-topology/floodlightrouter-storm-topology/core.76393)
#
# If you would like to submit a bug report, please visit:
#   https://bugs.launchpad.net/ubuntu/+source/openjdk-lts
#

---------------  S U M M A R Y ------------

Command Line: -Dfile.encoding=UTF-8 -Duser.country=US -Duser.language=en -Duser.variant org.aspectj.tools.ajc.Main -argfile /home/nik/open-kilda/src-java/floodlightrouter-topology/floodlightrouter-storm-topology/build/tmp/compileJava/ajc.options

Host: AMD Ryzen 7 5700U with Radeon Graphics, 16 cores, 37G, Ubuntu 22.04.2 LTS
Time: Fri Mar 31 13:46:17 2023 CEST elapsed time: 8.295748 seconds (0d 0h 0m 8s)

---------------  T H R E A D  ---------------

Current thread (0x00007f0f8c2ab000):  JavaThread "C1 CompilerThread0" daemon [_thread_in_native, id=76413, stack(0x00007f0f52800000,0x00007f0f52900000)]


Current CompileTask:
C1:   8295 1258       3       jdk.internal.jimage.ImageReader$Node::<init> (27 bytes)

Stack: [0x00007f0f52800000,0x00007f0f52900000],  sp=0x00007f0f528fe008,  free space=1016k
Native frames: (J=compiled Java code, A=aot compiled Java code, j=interpreted, Vv=VM code, C=native code)
C  0x00007f0ec8020b00


siginfo: si_signo: 11 (SIGSEGV), si_code: 2 (SEGV_ACCERR), si_addr: 0x00007f0ec8020b00

Register to memory mapping:

RAX=0x00007f0ec8020ec0 points into unknown readable memory: 0x00007f0ec8020f00 | 00 0f 02 c8 0e 7f 00 00
RBX=0x00007f0f528fe070 is pointing into the stack for thread: 0x00007f0f8c2ab000
RCX=0x00007f0ec80210a0 points into unknown readable memory: 0x00007f0f92f83008 | 08 30 f8 92 0f 7f 00 00
RDX=0x00007f0f8c2ace50 points into unknown readable memory: 0x0000000000000002 | 02 00 00 00 00 00 00 00
RSP=0x00007f0f528fe008 is pointing into the stack for thread: 0x00007f0f8c2ab000
RBP=0x00007f0f9299d0f7: <offset 0x0000000000b9d0f7> in /usr/lib/jvm/java-11-openjdk-amd64/lib/server/libjvm.so at 0x00007f0f91e00000
RSI=0x0000000000000004 is an unknown value
RDI=0x00007f0f9303afc0: <offset 0x000000000123afc0> in /usr/lib/jvm/java-11-openjdk-amd64/lib/server/libjvm.so at 0x00007f0f91e00000
R8 =0x00007f0ec8020f60 points into unknown readable memory: 0x00007f0f92f79770 | 70 97 f7 92 0f 7f 00 00
R9 =0x000000000000000c is an unknown value
R10=0x00007f0ec8020f40 points into unknown readable memory: 0x00007f0f92f79740 | 40 97 f7 92 0f 7f 00 00
R11=0x00000000008e501b is an unknown value
R12=0x00000000008e901b is an unknown value
R13=0x00007f0f8c032650 points into unknown readable memory: 0x00007f0f9302ddc0 | c0 dd 02 93 0f 7f 00 00
R14=0x00000000008e901b is an unknown value
R15=0x00007f0f528fe060 is pointing into the stack for thread: 0x00007f0f8c2ab000


Registers:
RAX=0x00007f0ec8020ec0, RBX=0x00007f0f528fe070, RCX=0x00007f0ec80210a0, RDX=0x00007f0f8c2ace50
RSP=0x00007f0f528fe008, RBP=0x00007f0f9299d0f7, RSI=0x0000000000000004, RDI=0x00007f0f9303afc0
R8 =0x00007f0ec8020f60, R9 =0x000000000000000c, R10=0x00007f0ec8020f40, R11=0x00000000008e501b
R12=0x00000000008e901b, R13=0x00007f0f8c032650, R14=0x00000000008e901b, R15=0x00007f0f528fe060
RIP=0x00007f0ec8020b00, EFLAGS=0x0000000000010212, CSGSFS=0x002b000000000033, ERR=0x0000000000000015
  TRAPNO=0x000000000000000e

Top of Stack: (sp=0x00007f0f528fe008)
0x00007f0f528fe008:   00007f0f28916810 00007f0f8c032650
0x00007f0f528fe018:   00007f0f528fe070 00000000008e901b
0x00007f0f528fe028:   00000000008e901b 00007f0f528fe060
0x00007f0f528fe038:   00007f0f28916810 00007f0f528fe2c0 

Instructions: (pc=0x00007f0ec8020b00)
0x00007f0ec8020a00:   2e 00 00 00 00 00 00 00 00 00 00 00 00 00 00 00
0x00007f0ec8020a10:   ff ff ff ff 00 00 00 00 60 55 91 28 0f 7f 00 00
0x00007f0ec8020a20:   00 00 00 00 0e 7f 00 00 1b 90 8e 00 00 00 00 00
0x00007f0ec8020a30:   d0 09 02 c8 0e 7f 00 00 63 00 00 00 00 00 00 00
0x00007f0ec8020a40:   ff ff ff ff ff ff ff ff ff ff ff ff ff ff ff ff
0x00007f0ec8020a50:   ff ff ff ff ff ff ff ff ff ff ff ff ff ff ff ff
0x00007f0ec8020a60:   ff ff ff ff ff ff ff ff 01 00 00 00 00 00 00 00
0x00007f0ec8020a70:   88 91 01 93 0f 7f 00 00 50 11 60 c8 0e 7f 00 00
0x00007f0ec8020a80:   40 97 f7 92 0f 7f 00 00 11 00 00 00 0e 7f 00 00
0x00007f0ec8020a90:   28 54 51 53 0f 7f 00 00 a0 08 02 c8 0e 7f 00 00
0x00007f0ec8020aa0:   90 cd f7 92 0f 7f 00 00 3b d0 91 00 00 00 00 00
0x00007f0ec8020ab0:   23 00 00 00 00 00 00 00 00 00 00 00 00 00 00 00
0x00007f0ec8020ac0:   ff ff ff ff 00 00 00 00 60 55 91 28 0f 7f 00 00
0x00007f0ec8020ad0:   80 0a 02 c8 0e 7f 00 00 63 00 00 00 00 00 00 00
0x00007f0ec8020ae0:   40 97 f7 92 0f 7f 00 00 0b 00 00 00 00 00 00 00
0x00007f0ec8020af0:   50 01 00 00 00 00 00 00 01 01 01 01 01 01 01 01
0x00007f0ec8020b00:   40 97 f7 92 0f 7f 00 00 0b 00 00 00 0f 7f 00 00
0x00007f0ec8020b10:   40 01 00 00 00 00 00 00 20 0b 02 c8 0e 7f 00 00
0x00007f0ec8020b20:   00 c7 f7 92 0f 7f 00 00 93 10 92 00 00 00 00 00
0x00007f0ec8020b30:   32 00 00 00 00 00 00 00 00 00 00 00 00 00 00 00
0x00007f0ec8020b40:   ff ff ff ff 00 00 00 00 60 55 91 28 0f 7f 00 00
0x00007f0ec8020b50:   00 00 00 00 05 00 00 00 00 0b 02 c8 0e 7f 00 00
0x00007f0ec8020b60:   e0 0a 02 c8 0e 7f 00 00 0c 00 00 00 0e 7f 00 00
0x00007f0ec8020b70:   ff ff ff ff ff ff ff ff ff ff ff ff ff ff ff ff
0x00007f0ec8020b80:   ff ff ff ff ff ff ff ff ff ff ff ff ff ff ff ff
0x00007f0ec8020b90:   ff ff ff ff ff ff ff ff 01 00 00 00 01 7f 00 00
0x00007f0ec8020ba0:   70 97 f7 92 0f 7f 00 00 3b d0 91 00 00 00 00 00
0x00007f0ec8020bb0:   93 10 92 00 00 00 00 00 00 00 00 00 05 00 00 00
0x00007f0ec8020bc0:   00 00 00 00 00 00 00 00 0b 00 00 00 00 00 00 00
0x00007f0ec8020bd0:   90 cd f7 92 0f 7f 00 00 93 50 92 00 00 00 00 00
0x00007f0ec8020be0:   23 00 00 00 0e 7f 00 00 00 00 00 00 00 00 00 00
0x00007f0ec8020bf0:   ff ff ff ff 00 00 00 00 60 55 91 28 0f 7f 00 00 


Stack slot to memory mapping:
stack at sp + 0 slots: 0x00007f0f28916810 points into unknown readable memory: 0x00007f0f93012120 | 20 21 01 93 0f 7f 00 00
stack at sp + 1 slots: 0x00007f0f8c032650 points into unknown readable memory: 0x00007f0f9302ddc0 | c0 dd 02 93 0f 7f 00 00
stack at sp + 2 slots: 0x00007f0f528fe070 is pointing into the stack for thread: 0x00007f0f8c2ab000
stack at sp + 3 slots: 0x00000000008e901b is an unknown value
stack at sp + 4 slots: 0x00000000008e901b is an unknown value
stack at sp + 5 slots: 0x00007f0f528fe060 is pointing into the stack for thread: 0x00007f0f8c2ab000
stack at sp + 6 slots: 0x00007f0f28916810 points into unknown readable memory: 0x00007f0f93012120 | 20 21 01 93 0f 7f 00 00
stack at sp + 7 slots: 0x00007f0f528fe2c0 is pointing into the stack for thread: 0x00007f0f8c2ab000


---------------  P R O C E S S  ---------------

Threads class SMR info:
_java_thread_list=0x00007f0f2c135ec0, length=15, elements={
0x00007f0f8c016000, 0x00007f0f8c29c800, 0x00007f0f8c29e800, 0x00007f0f8c2a5000,
0x00007f0f8c2a7000, 0x00007f0f8c2a9000, 0x00007f0f8c2ab000, 0x00007f0f8c2ad800,
0x00007f0f8c2e1000, 0x00007f0f28095000, 0x00007f0f2c096000, 0x00007f0f2c003000,
0x00007f0f2c132000, 0x00007f0f2c133000, 0x00007f0f2c134800
}

Java Threads: ( => current thread )
  0x00007f0f8c016000 JavaThread "main" [_thread_in_Java, id=76394, stack(0x00007f0f91d00000,0x00007f0f91e00000)]
  0x00007f0f8c29c800 JavaThread "Reference Handler" daemon [_thread_blocked, id=76407, stack(0x00007f0f532f9000,0x00007f0f533f9000)]
  0x00007f0f8c29e800 JavaThread "Finalizer" daemon [_thread_blocked, id=76409, stack(0x00007f0f531f9000,0x00007f0f532f9000)]
  0x00007f0f8c2a5000 JavaThread "Signal Dispatcher" daemon [_thread_blocked, id=76410, stack(0x00007f0f52b00000,0x00007f0f52c00000)]
  0x00007f0f8c2a7000 JavaThread "Service Thread" daemon [_thread_blocked, id=76411, stack(0x00007f0f52a00000,0x00007f0f52b00000)]
  0x00007f0f8c2a9000 JavaThread "C2 CompilerThread0" daemon [_thread_in_native, id=76412, stack(0x00007f0f52900000,0x00007f0f52a00000)]
=>0x00007f0f8c2ab000 JavaThread "C1 CompilerThread0" daemon [_thread_in_native, id=76413, stack(0x00007f0f52800000,0x00007f0f52900000)]
  0x00007f0f8c2ad800 JavaThread "Sweeper thread" daemon [_thread_blocked, id=76414, stack(0x00007f0f52700000,0x00007f0f52800000)]
  0x00007f0f8c2e1000 JavaThread "Common-Cleaner" daemon [_thread_blocked, id=76419, stack(0x00007f0f521fe000,0x00007f0f522fe000)]
  0x00007f0f28095000 JavaThread "C2 CompilerThread1" daemon [_thread_in_native, id=76495, stack(0x00007f0f52400000,0x00007f0f52500000)]
  0x00007f0f2c096000 JavaThread "C2 CompilerThread2" daemon [_thread_in_native, id=76499, stack(0x00007f0f511e6000,0x00007f0f512e6000)]
  0x00007f0f2c003000 JavaThread "C2 CompilerThread3" daemon [_thread_in_vm, id=76520, stack(0x00007f0f52600000,0x00007f0f52700000)]
  0x00007f0f2c132000 JavaThread "C1 CompilerThread1" daemon [_thread_blocked, id=76546, stack(0x00007f0f52500000,0x00007f0f52600000)]
  0x00007f0f2c133000 JavaThread "C1 CompilerThread2" daemon [_thread_blocked, id=76548, stack(0x00007f0f512e6000,0x00007f0f513e6000)]
  0x00007f0f2c134800 JavaThread "C1 CompilerThread3" daemon [_thread_blocked, id=76549, stack(0x00007f0f50ee6000,0x00007f0f50fe6000)]

Other Threads:
  0x00007f0f8c299800 VMThread "VM Thread" [stack: 0x00007f0f533fb000,0x00007f0f534fb000] [id=76405]
  0x00007f0f8c2de800 WatcherThread [stack: 0x00007f0f52300000,0x00007f0f52400000] [id=76418]
  0x00007f0f8c030000 GCTaskThread "GC Thread#0" [stack: 0x00007f0f9172e000,0x00007f0f9182e000] [id=76400]
  0x00007f0f44001000 GCTaskThread "GC Thread#1" [stack: 0x00007f0f520fe000,0x00007f0f521fe000] [id=76463]
  0x00007f0f44002000 GCTaskThread "GC Thread#2" [stack: 0x00007f0f51ffc000,0x00007f0f520fc000] [id=76464]
  0x00007f0f44003800 GCTaskThread "GC Thread#3" [stack: 0x00007f0f51efa000,0x00007f0f51ffa000] [id=76465]
  0x00007f0f44005800 GCTaskThread "GC Thread#4" [stack: 0x00007f0f51df8000,0x00007f0f51ef8000] [id=76466]
  0x00007f0f44007000 GCTaskThread "GC Thread#5" [stack: 0x00007f0f51cf6000,0x00007f0f51df6000] [id=76467]
  0x00007f0f44008800 GCTaskThread "GC Thread#6" [stack: 0x00007f0f51bf4000,0x00007f0f51cf4000] [id=76468]
  0x00007f0f4400a000 GCTaskThread "GC Thread#7" [stack: 0x00007f0f51af2000,0x00007f0f51bf2000] [id=76469]
  0x00007f0f4400b800 GCTaskThread "GC Thread#8" [stack: 0x00007f0f519f0000,0x00007f0f51af0000] [id=76470]
  0x00007f0f4400d000 GCTaskThread "GC Thread#9" [stack: 0x00007f0f518ee000,0x00007f0f519ee000] [id=76471]
  0x00007f0f4400e800 GCTaskThread "GC Thread#10" [stack: 0x00007f0f517ec000,0x00007f0f518ec000] [id=76472]
  0x00007f0f44010800 GCTaskThread "GC Thread#11" [stack: 0x00007f0f516ea000,0x00007f0f517ea000] [id=76473]
  0x00007f0f44012800 GCTaskThread "GC Thread#12" [stack: 0x00007f0f515e8000,0x00007f0f516e8000] [id=76474]
  0x00007f0f8c074800 ConcurrentGCThread "G1 Main Marker" [stack: 0x00007f0f90759000,0x00007f0f90859000] [id=76401]
  0x00007f0f8c076800 ConcurrentGCThread "G1 Conc#0" [stack: 0x00007f0f90657000,0x00007f0f90757000] [id=76402]
  0x00007f0f8c256000 ConcurrentGCThread "G1 Refine#0" [stack: 0x00007f0f53dff000,0x00007f0f53eff000] [id=76403]
  0x00007f0f8c257800 ConcurrentGCThread "G1 Young RemSet Sampling" [stack: 0x00007f0f53cfd000,0x00007f0f53dfd000] [id=76404]

Threads with active compile tasks:
C2 CompilerThread0     8300 1104       4       jdk.internal.jrtfs.JrtFileSystem::checkNode (40 bytes)
C1 CompilerThread0     8300 1258       3       jdk.internal.jimage.ImageReader$Node::<init> (27 bytes)
C2 CompilerThread1     8300 1109       4       java.util.ArrayList$ArrayListSpliterator::tryAdvance (79 bytes)
C2 CompilerThread2     8300 1106       4       jdk.internal.jimage.ImageLocation::getFullName (109 bytes)
C2 CompilerThread3     8300 1117       4       java.util.ArrayList::add (25 bytes)

VM state:not at safepoint (normal execution)

VM Mutex/Monitor currently owned by a thread: None

Heap address: 0x00000005af600000, size: 9482 MB, Compressed Oops mode: Zero based, Oop shift amount: 3
Narrow klass base: 0x0000000800000000, Narrow klass shift: 3
Compressed class space size: 1073741824 Address: 0x0000000840000000

Heap:
 garbage-first heap   total 612352K, used 148169K [0x00000005af600000, 0x0000000800000000)
  region size 2048K, 72 young (147456K), 1 survivors (2048K)
 Metaspace       used 9139K, capacity 11874K, committed 12160K, reserved 1060864K
  class space    used 752K, capacity 1040K, committed 1152K, reserved 1048576K
Heap Regions: E=young(eden), S=young(survivor), O=old, HS=humongous(starts), HC=humongous(continues), CS=collection set, F=free, A=archive, TAMS=top-at-mark-start (previous, next)
|   0|0x00000005af600000, 0x00000005af800000, 0x00000005af800000|100%|HS|  |TAMS 0x00000005af600000, 0x00000005af600000| Complete 
|   1|0x00000005af800000, 0x00000005af800000, 0x00000005afa00000|  0%| F|  |TAMS 0x00000005af800000, 0x00000005af800000| Untracked 
|   2|0x00000005afa00000, 0x00000005afa00000, 0x00000005afc00000|  0%| F|  |TAMS 0x00000005afa00000, 0x00000005afa00000| Untracked 
|   3|0x00000005afc00000, 0x00000005afc00000, 0x00000005afe00000|  0%| F|  |TAMS 0x00000005afc00000, 0x00000005afc00000| Untracked 
|   4|0x00000005afe00000, 0x00000005afe00000, 0x00000005b0000000|  0%| F|  |TAMS 0x00000005afe00000, 0x00000005afe00000| Untracked 
|   5|0x00000005b0000000, 0x00000005b0000000, 0x00000005b0200000|  0%| F|  |TAMS 0x00000005b0000000, 0x00000005b0000000| Untracked 
|   6|0x00000005b0200000, 0x00000005b0200000, 0x00000005b0400000|  0%| F|  |TAMS 0x00000005b0200000, 0x00000005b0200000| Untracked 
|   7|0x00000005b0400000, 0x00000005b0400000, 0x00000005b0600000|  0%| F|  |TAMS 0x00000005b0400000, 0x00000005b0400000| Untracked 
|   8|0x00000005b0600000, 0x00000005b0600000, 0x00000005b0800000|  0%| F|  |TAMS 0x00000005b0600000, 0x00000005b0600000| Untracked 
|   9|0x00000005b0800000, 0x00000005b0800000, 0x00000005b0a00000|  0%| F|  |TAMS 0x00000005b0800000, 0x00000005b0800000| Untracked 
|  10|0x00000005b0a00000, 0x00000005b0a00000, 0x00000005b0c00000|  0%| F|  |TAMS 0x00000005b0a00000, 0x00000005b0a00000| Untracked 
|  11|0x00000005b0c00000, 0x00000005b0c00000, 0x00000005b0e00000|  0%| F|  |TAMS 0x00000005b0c00000, 0x00000005b0c00000| Untracked 
|  12|0x00000005b0e00000, 0x00000005b0e00000, 0x00000005b1000000|  0%| F|  |TAMS 0x00000005b0e00000, 0x00000005b0e00000| Untracked 
|  13|0x00000005b1000000, 0x00000005b1000000, 0x00000005b1200000|  0%| F|  |TAMS 0x00000005b1000000, 0x00000005b1000000| Untracked 
|  14|0x00000005b1200000, 0x00000005b1200000, 0x00000005b1400000|  0%| F|  |TAMS 0x00000005b1200000, 0x00000005b1200000| Untracked 
|  15|0x00000005b1400000, 0x00000005b1400000, 0x00000005b1600000|  0%| F|  |TAMS 0x00000005b1400000, 0x00000005b1400000| Untracked 
|  16|0x00000005b1600000, 0x00000005b1600000, 0x00000005b1800000|  0%| F|  |TAMS 0x00000005b1600000, 0x00000005b1600000| Untracked 
|  17|0x00000005b1800000, 0x00000005b1800000, 0x00000005b1a00000|  0%| F|  |TAMS 0x00000005b1800000, 0x00000005b1800000| Untracked 
|  18|0x00000005b1a00000, 0x00000005b1a00000, 0x00000005b1c00000|  0%| F|  |TAMS 0x00000005b1a00000, 0x00000005b1a00000| Untracked 
|  19|0x00000005b1c00000, 0x00000005b1c00000, 0x00000005b1e00000|  0%| F|  |TAMS 0x00000005b1c00000, 0x00000005b1c00000| Untracked 
|  20|0x00000005b1e00000, 0x00000005b1e00000, 0x00000005b2000000|  0%| F|  |TAMS 0x00000005b1e00000, 0x00000005b1e00000| Untracked 
|  21|0x00000005b2000000, 0x00000005b2000000, 0x00000005b2200000|  0%| F|  |TAMS 0x00000005b2000000, 0x00000005b2000000| Untracked 
|  22|0x00000005b2200000, 0x00000005b2200000, 0x00000005b2400000|  0%| F|  |TAMS 0x00000005b2200000, 0x00000005b2200000| Untracked 
|  23|0x00000005b2400000, 0x00000005b2400000, 0x00000005b2600000|  0%| F|  |TAMS 0x00000005b2400000, 0x00000005b2400000| Untracked 
|  24|0x00000005b2600000, 0x00000005b2600000, 0x00000005b2800000|  0%| F|  |TAMS 0x00000005b2600000, 0x00000005b2600000| Untracked 
|  25|0x00000005b2800000, 0x00000005b2800000, 0x00000005b2a00000|  0%| F|  |TAMS 0x00000005b2800000, 0x00000005b2800000| Untracked 
|  26|0x00000005b2a00000, 0x00000005b2a00000, 0x00000005b2c00000|  0%| F|  |TAMS 0x00000005b2a00000, 0x00000005b2a00000| Untracked 
|  27|0x00000005b2c00000, 0x00000005b2c00000, 0x00000005b2e00000|  0%| F|  |TAMS 0x00000005b2c00000, 0x00000005b2c00000| Untracked 
|  28|0x00000005b2e00000, 0x00000005b2e00000, 0x00000005b3000000|  0%| F|  |TAMS 0x00000005b2e00000, 0x00000005b2e00000| Untracked 
|  29|0x00000005b3000000, 0x00000005b3000000, 0x00000005b3200000|  0%| F|  |TAMS 0x00000005b3000000, 0x00000005b3000000| Untracked 
|  30|0x00000005b3200000, 0x00000005b3200000, 0x00000005b3400000|  0%| F|  |TAMS 0x00000005b3200000, 0x00000005b3200000| Untracked 
|  31|0x00000005b3400000, 0x00000005b3400000, 0x00000005b3600000|  0%| F|  |TAMS 0x00000005b3400000, 0x00000005b3400000| Untracked 
|  32|0x00000005b3600000, 0x00000005b3600000, 0x00000005b3800000|  0%| F|  |TAMS 0x00000005b3600000, 0x00000005b3600000| Untracked 
|  33|0x00000005b3800000, 0x00000005b3800000, 0x00000005b3a00000|  0%| F|  |TAMS 0x00000005b3800000, 0x00000005b3800000| Untracked 
|  34|0x00000005b3a00000, 0x00000005b3a00000, 0x00000005b3c00000|  0%| F|  |TAMS 0x00000005b3a00000, 0x00000005b3a00000| Untracked 
|  35|0x00000005b3c00000, 0x00000005b3c00000, 0x00000005b3e00000|  0%| F|  |TAMS 0x00000005b3c00000, 0x00000005b3c00000| Untracked 
|  36|0x00000005b3e00000, 0x00000005b3e00000, 0x00000005b4000000|  0%| F|  |TAMS 0x00000005b3e00000, 0x00000005b3e00000| Untracked 
|  37|0x00000005b4000000, 0x00000005b4000000, 0x00000005b4200000|  0%| F|  |TAMS 0x00000005b4000000, 0x00000005b4000000| Untracked 
|  38|0x00000005b4200000, 0x00000005b4200000, 0x00000005b4400000|  0%| F|  |TAMS 0x00000005b4200000, 0x00000005b4200000| Untracked 
|  39|0x00000005b4400000, 0x00000005b4400000, 0x00000005b4600000|  0%| F|  |TAMS 0x00000005b4400000, 0x00000005b4400000| Untracked 
|  40|0x00000005b4600000, 0x00000005b4600000, 0x00000005b4800000|  0%| F|  |TAMS 0x00000005b4600000, 0x00000005b4600000| Untracked 
|  41|0x00000005b4800000, 0x00000005b4800000, 0x00000005b4a00000|  0%| F|  |TAMS 0x00000005b4800000, 0x00000005b4800000| Untracked 
|  42|0x00000005b4a00000, 0x00000005b4a00000, 0x00000005b4c00000|  0%| F|  |TAMS 0x00000005b4a00000, 0x00000005b4a00000| Untracked 
|  43|0x00000005b4c00000, 0x00000005b4c00000, 0x00000005b4e00000|  0%| F|  |TAMS 0x00000005b4c00000, 0x00000005b4c00000| Untracked 
|  44|0x00000005b4e00000, 0x00000005b4e00000, 0x00000005b5000000|  0%| F|  |TAMS 0x00000005b4e00000, 0x00000005b4e00000| Untracked 
|  45|0x00000005b5000000, 0x00000005b5000000, 0x00000005b5200000|  0%| F|  |TAMS 0x00000005b5000000, 0x00000005b5000000| Untracked 
|  46|0x00000005b5200000, 0x00000005b5200000, 0x00000005b5400000|  0%| F|  |TAMS 0x00000005b5200000, 0x00000005b5200000| Untracked 
|  47|0x00000005b5400000, 0x00000005b5400000, 0x00000005b5600000|  0%| F|  |TAMS 0x00000005b5400000, 0x00000005b5400000| Untracked 
|  48|0x00000005b5600000, 0x00000005b5600000, 0x00000005b5800000|  0%| F|  |TAMS 0x00000005b5600000, 0x00000005b5600000| Untracked 
|  49|0x00000005b5800000, 0x00000005b5800000, 0x00000005b5a00000|  0%| F|  |TAMS 0x00000005b5800000, 0x00000005b5800000| Untracked 
|  50|0x00000005b5a00000, 0x00000005b5a00000, 0x00000005b5c00000|  0%| F|  |TAMS 0x00000005b5a00000, 0x00000005b5a00000| Untracked 
|  51|0x00000005b5c00000, 0x00000005b5c00000, 0x00000005b5e00000|  0%| F|  |TAMS 0x00000005b5c00000, 0x00000005b5c00000| Untracked 
|  52|0x00000005b5e00000, 0x00000005b5e00000, 0x00000005b6000000|  0%| F|  |TAMS 0x00000005b5e00000, 0x00000005b5e00000| Untracked 
|  53|0x00000005b6000000, 0x00000005b6000000, 0x00000005b6200000|  0%| F|  |TAMS 0x00000005b6000000, 0x00000005b6000000| Untracked 
|  54|0x00000005b6200000, 0x00000005b6200000, 0x00000005b6400000|  0%| F|  |TAMS 0x00000005b6200000, 0x00000005b6200000| Untracked 
|  55|0x00000005b6400000, 0x00000005b6400000, 0x00000005b6600000|  0%| F|  |TAMS 0x00000005b6400000, 0x00000005b6400000| Untracked 
|  56|0x00000005b6600000, 0x00000005b6600000, 0x00000005b6800000|  0%| F|  |TAMS 0x00000005b6600000, 0x00000005b6600000| Untracked 
|  57|0x00000005b6800000, 0x00000005b6800000, 0x00000005b6a00000|  0%| F|  |TAMS 0x00000005b6800000, 0x00000005b6800000| Untracked 
|  58|0x00000005b6a00000, 0x00000005b6a00000, 0x00000005b6c00000|  0%| F|  |TAMS 0x00000005b6a00000, 0x00000005b6a00000| Untracked 
|  59|0x00000005b6c00000, 0x00000005b6c00000, 0x00000005b6e00000|  0%| F|  |TAMS 0x00000005b6c00000, 0x00000005b6c00000| Untracked 
|  60|0x00000005b6e00000, 0x00000005b6e00000, 0x00000005b7000000|  0%| F|  |TAMS 0x00000005b6e00000, 0x00000005b6e00000| Untracked 
|  61|0x00000005b7000000, 0x00000005b7000000, 0x00000005b7200000|  0%| F|  |TAMS 0x00000005b7000000, 0x00000005b7000000| Untracked 
|  62|0x00000005b7200000, 0x00000005b7200000, 0x00000005b7400000|  0%| F|  |TAMS 0x00000005b7200000, 0x00000005b7200000| Untracked 
|  63|0x00000005b7400000, 0x00000005b7400000, 0x00000005b7600000|  0%| F|  |TAMS 0x00000005b7400000, 0x00000005b7400000| Untracked 
|  64|0x00000005b7600000, 0x00000005b7600000, 0x00000005b7800000|  0%| F|  |TAMS 0x00000005b7600000, 0x00000005b7600000| Untracked 
|  65|0x00000005b7800000, 0x00000005b7800000, 0x00000005b7a00000|  0%| F|  |TAMS 0x00000005b7800000, 0x00000005b7800000| Untracked 
|  66|0x00000005b7a00000, 0x00000005b7a00000, 0x00000005b7c00000|  0%| F|  |TAMS 0x00000005b7a00000, 0x00000005b7a00000| Untracked 
|  67|0x00000005b7c00000, 0x00000005b7c00000, 0x00000005b7e00000|  0%| F|  |TAMS 0x00000005b7c00000, 0x00000005b7c00000| Untracked 
|  68|0x00000005b7e00000, 0x00000005b7e00000, 0x00000005b8000000|  0%| F|  |TAMS 0x00000005b7e00000, 0x00000005b7e00000| Untracked 
|  69|0x00000005b8000000, 0x00000005b8000000, 0x00000005b8200000|  0%| F|  |TAMS 0x00000005b8000000, 0x00000005b8000000| Untracked 
|  70|0x00000005b8200000, 0x00000005b8200000, 0x00000005b8400000|  0%| F|  |TAMS 0x00000005b8200000, 0x00000005b8200000| Untracked 
|  71|0x00000005b8400000, 0x00000005b8400000, 0x00000005b8600000|  0%| F|  |TAMS 0x00000005b8400000, 0x00000005b8400000| Untracked 
|  72|0x00000005b8600000, 0x00000005b8600000, 0x00000005b8800000|  0%| F|  |TAMS 0x00000005b8600000, 0x00000005b8600000| Untracked 
|  73|0x00000005b8800000, 0x00000005b8800000, 0x00000005b8a00000|  0%| F|  |TAMS 0x00000005b8800000, 0x00000005b8800000| Untracked 
|  74|0x00000005b8a00000, 0x00000005b8a00000, 0x00000005b8c00000|  0%| F|  |TAMS 0x00000005b8a00000, 0x00000005b8a00000| Untracked 
|  75|0x00000005b8c00000, 0x00000005b8c00000, 0x00000005b8e00000|  0%| F|  |TAMS 0x00000005b8c00000, 0x00000005b8c00000| Untracked 
|  76|0x00000005b8e00000, 0x00000005b8e00000, 0x00000005b9000000|  0%| F|  |TAMS 0x00000005b8e00000, 0x00000005b8e00000| Untracked 
|  77|0x00000005b9000000, 0x00000005b9000000, 0x00000005b9200000|  0%| F|  |TAMS 0x00000005b9000000, 0x00000005b9000000| Untracked 
|  78|0x00000005b9200000, 0x00000005b9200000, 0x00000005b9400000|  0%| F|  |TAMS 0x00000005b9200000, 0x00000005b9200000| Untracked 
|  79|0x00000005b9400000, 0x00000005b9400000, 0x00000005b9600000|  0%| F|  |TAMS 0x00000005b9400000, 0x00000005b9400000| Untracked 
|  80|0x00000005b9600000, 0x00000005b9600000, 0x00000005b9800000|  0%| F|  |TAMS 0x00000005b9600000, 0x00000005b9600000| Untracked 
|  81|0x00000005b9800000, 0x00000005b9800000, 0x00000005b9a00000|  0%| F|  |TAMS 0x00000005b9800000, 0x00000005b9800000| Untracked 
|  82|0x00000005b9a00000, 0x00000005b9a00000, 0x00000005b9c00000|  0%| F|  |TAMS 0x00000005b9a00000, 0x00000005b9a00000| Untracked 
|  83|0x00000005b9c00000, 0x00000005b9c00000, 0x00000005b9e00000|  0%| F|  |TAMS 0x00000005b9c00000, 0x00000005b9c00000| Untracked 
|  84|0x00000005b9e00000, 0x00000005b9e00000, 0x00000005ba000000|  0%| F|  |TAMS 0x00000005b9e00000, 0x00000005b9e00000| Untracked 
|  85|0x00000005ba000000, 0x00000005ba000000, 0x00000005ba200000|  0%| F|  |TAMS 0x00000005ba000000, 0x00000005ba000000| Untracked 
|  86|0x00000005ba200000, 0x00000005ba200000, 0x00000005ba400000|  0%| F|  |TAMS 0x00000005ba200000, 0x00000005ba200000| Untracked 
|  87|0x00000005ba400000, 0x00000005ba400000, 0x00000005ba600000|  0%| F|  |TAMS 0x00000005ba400000, 0x00000005ba400000| Untracked 
|  88|0x00000005ba600000, 0x00000005ba600000, 0x00000005ba800000|  0%| F|  |TAMS 0x00000005ba600000, 0x00000005ba600000| Untracked 
|  89|0x00000005ba800000, 0x00000005ba800000, 0x00000005baa00000|  0%| F|  |TAMS 0x00000005ba800000, 0x00000005ba800000| Untracked 
|  90|0x00000005baa00000, 0x00000005baa00000, 0x00000005bac00000|  0%| F|  |TAMS 0x00000005baa00000, 0x00000005baa00000| Untracked 
|  91|0x00000005bac00000, 0x00000005bac00000, 0x00000005bae00000|  0%| F|  |TAMS 0x00000005bac00000, 0x00000005bac00000| Untracked 
|  92|0x00000005bae00000, 0x00000005bae00000, 0x00000005bb000000|  0%| F|  |TAMS 0x00000005bae00000, 0x00000005bae00000| Untracked 
|  93|0x00000005bb000000, 0x00000005bb000000, 0x00000005bb200000|  0%| F|  |TAMS 0x00000005bb000000, 0x00000005bb000000| Untracked 
|  94|0x00000005bb200000, 0x00000005bb200000, 0x00000005bb400000|  0%| F|  |TAMS 0x00000005bb200000, 0x00000005bb200000| Untracked 
|  95|0x00000005bb400000, 0x00000005bb400000, 0x00000005bb600000|  0%| F|  |TAMS 0x00000005bb400000, 0x00000005bb400000| Untracked 
|  96|0x00000005bb600000, 0x00000005bb600000, 0x00000005bb800000|  0%| F|  |TAMS 0x00000005bb600000, 0x00000005bb600000| Untracked 
|  97|0x00000005bb800000, 0x00000005bb800000, 0x00000005bba00000|  0%| F|  |TAMS 0x00000005bb800000, 0x00000005bb800000| Untracked 
|  98|0x00000005bba00000, 0x00000005bba00000, 0x00000005bbc00000|  0%| F|  |TAMS 0x00000005bba00000, 0x00000005bba00000| Untracked 
|  99|0x00000005bbc00000, 0x00000005bbc00000, 0x00000005bbe00000|  0%| F|  |TAMS 0x00000005bbc00000, 0x00000005bbc00000| Untracked 
| 100|0x00000005bbe00000, 0x00000005bbe00000, 0x00000005bc000000|  0%| F|  |TAMS 0x00000005bbe00000, 0x00000005bbe00000| Untracked 
| 101|0x00000005bc000000, 0x00000005bc000000, 0x00000005bc200000|  0%| F|  |TAMS 0x00000005bc000000, 0x00000005bc000000| Untracked 
| 102|0x00000005bc200000, 0x00000005bc200000, 0x00000005bc400000|  0%| F|  |TAMS 0x00000005bc200000, 0x00000005bc200000| Untracked 
| 103|0x00000005bc400000, 0x00000005bc400000, 0x00000005bc600000|  0%| F|  |TAMS 0x00000005bc400000, 0x00000005bc400000| Untracked 
| 104|0x00000005bc600000, 0x00000005bc600000, 0x00000005bc800000|  0%| F|  |TAMS 0x00000005bc600000, 0x00000005bc600000| Untracked 
| 105|0x00000005bc800000, 0x00000005bc800000, 0x00000005bca00000|  0%| F|  |TAMS 0x00000005bc800000, 0x00000005bc800000| Untracked 
| 106|0x00000005bca00000, 0x00000005bca00000, 0x00000005bcc00000|  0%| F|  |TAMS 0x00000005bca00000, 0x00000005bca00000| Untracked 
| 107|0x00000005bcc00000, 0x00000005bcc00000, 0x00000005bce00000|  0%| F|  |TAMS 0x00000005bcc00000, 0x00000005bcc00000| Untracked 
| 108|0x00000005bce00000, 0x00000005bce00000, 0x00000005bd000000|  0%| F|  |TAMS 0x00000005bce00000, 0x00000005bce00000| Untracked 
| 109|0x00000005bd000000, 0x00000005bd000000, 0x00000005bd200000|  0%| F|  |TAMS 0x00000005bd000000, 0x00000005bd000000| Untracked 
| 110|0x00000005bd200000, 0x00000005bd200000, 0x00000005bd400000|  0%| F|  |TAMS 0x00000005bd200000, 0x00000005bd200000| Untracked 
| 111|0x00000005bd400000, 0x00000005bd400000, 0x00000005bd600000|  0%| F|  |TAMS 0x00000005bd400000, 0x00000005bd400000| Untracked 
| 112|0x00000005bd600000, 0x00000005bd600000, 0x00000005bd800000|  0%| F|  |TAMS 0x00000005bd600000, 0x00000005bd600000| Untracked 
| 113|0x00000005bd800000, 0x00000005bd800000, 0x00000005bda00000|  0%| F|  |TAMS 0x00000005bd800000, 0x00000005bd800000| Untracked 
| 114|0x00000005bda00000, 0x00000005bda00000, 0x00000005bdc00000|  0%| F|  |TAMS 0x00000005bda00000, 0x00000005bda00000| Untracked 
| 115|0x00000005bdc00000, 0x00000005bdc00000, 0x00000005bde00000|  0%| F|  |TAMS 0x00000005bdc00000, 0x00000005bdc00000| Untracked 
| 116|0x00000005bde00000, 0x00000005bde00000, 0x00000005be000000|  0%| F|  |TAMS 0x00000005bde00000, 0x00000005bde00000| Untracked 
| 117|0x00000005be000000, 0x00000005be000000, 0x00000005be200000|  0%| F|  |TAMS 0x00000005be000000, 0x00000005be000000| Untracked 
| 118|0x00000005be200000, 0x00000005be200000, 0x00000005be400000|  0%| F|  |TAMS 0x00000005be200000, 0x00000005be200000| Untracked 
| 119|0x00000005be400000, 0x00000005be400000, 0x00000005be600000|  0%| F|  |TAMS 0x00000005be400000, 0x00000005be400000| Untracked 
| 120|0x00000005be600000, 0x00000005be600000, 0x00000005be800000|  0%| F|  |TAMS 0x00000005be600000, 0x00000005be600000| Untracked 
| 121|0x00000005be800000, 0x00000005be800000, 0x00000005bea00000|  0%| F|  |TAMS 0x00000005be800000, 0x00000005be800000| Untracked 
| 122|0x00000005bea00000, 0x00000005bea00000, 0x00000005bec00000|  0%| F|  |TAMS 0x00000005bea00000, 0x00000005bea00000| Untracked 
| 123|0x00000005bec00000, 0x00000005bec00000, 0x00000005bee00000|  0%| F|  |TAMS 0x00000005bec00000, 0x00000005bec00000| Untracked 
| 124|0x00000005bee00000, 0x00000005bee00000, 0x00000005bf000000|  0%| F|  |TAMS 0x00000005bee00000, 0x00000005bee00000| Untracked 
| 125|0x00000005bf000000, 0x00000005bf000000, 0x00000005bf200000|  0%| F|  |TAMS 0x00000005bf000000, 0x00000005bf000000| Untracked 
| 126|0x00000005bf200000, 0x00000005bf200000, 0x00000005bf400000|  0%| F|  |TAMS 0x00000005bf200000, 0x00000005bf200000| Untracked 
| 127|0x00000005bf400000, 0x00000005bf400000, 0x00000005bf600000|  0%| F|  |TAMS 0x00000005bf400000, 0x00000005bf400000| Untracked 
| 128|0x00000005bf600000, 0x00000005bf600000, 0x00000005bf800000|  0%| F|  |TAMS 0x00000005bf600000, 0x00000005bf600000| Untracked 
| 129|0x00000005bf800000, 0x00000005bf800000, 0x00000005bfa00000|  0%| F|  |TAMS 0x00000005bf800000, 0x00000005bf800000| Untracked 
| 130|0x00000005bfa00000, 0x00000005bfa00000, 0x00000005bfc00000|  0%| F|  |TAMS 0x00000005bfa00000, 0x00000005bfa00000| Untracked 
| 131|0x00000005bfc00000, 0x00000005bfc00000, 0x00000005bfe00000|  0%| F|  |TAMS 0x00000005bfc00000, 0x00000005bfc00000| Untracked 
| 132|0x00000005bfe00000, 0x00000005bfe00000, 0x00000005c0000000|  0%| F|  |TAMS 0x00000005bfe00000, 0x00000005bfe00000| Untracked 
| 133|0x00000005c0000000, 0x00000005c0000000, 0x00000005c0200000|  0%| F|  |TAMS 0x00000005c0000000, 0x00000005c0000000| Untracked 
| 134|0x00000005c0200000, 0x00000005c0200000, 0x00000005c0400000|  0%| F|  |TAMS 0x00000005c0200000, 0x00000005c0200000| Untracked 
| 135|0x00000005c0400000, 0x00000005c0400000, 0x00000005c0600000|  0%| F|  |TAMS 0x00000005c0400000, 0x00000005c0400000| Untracked 
| 136|0x00000005c0600000, 0x00000005c0600000, 0x00000005c0800000|  0%| F|  |TAMS 0x00000005c0600000, 0x00000005c0600000| Untracked 
| 137|0x00000005c0800000, 0x00000005c0800000, 0x00000005c0a00000|  0%| F|  |TAMS 0x00000005c0800000, 0x00000005c0800000| Untracked 
| 138|0x00000005c0a00000, 0x00000005c0a00000, 0x00000005c0c00000|  0%| F|  |TAMS 0x00000005c0a00000, 0x00000005c0a00000| Untracked 
| 139|0x00000005c0c00000, 0x00000005c0c00000, 0x00000005c0e00000|  0%| F|  |TAMS 0x00000005c0c00000, 0x00000005c0c00000| Untracked 
| 140|0x00000005c0e00000, 0x00000005c0e00000, 0x00000005c1000000|  0%| F|  |TAMS 0x00000005c0e00000, 0x00000005c0e00000| Untracked 
| 141|0x00000005c1000000, 0x00000005c1000000, 0x00000005c1200000|  0%| F|  |TAMS 0x00000005c1000000, 0x00000005c1000000| Untracked 
| 142|0x00000005c1200000, 0x00000005c1200000, 0x00000005c1400000|  0%| F|  |TAMS 0x00000005c1200000, 0x00000005c1200000| Untracked 
| 143|0x00000005c1400000, 0x00000005c1400000, 0x00000005c1600000|  0%| F|  |TAMS 0x00000005c1400000, 0x00000005c1400000| Untracked 
| 144|0x00000005c1600000, 0x00000005c1600000, 0x00000005c1800000|  0%| F|  |TAMS 0x00000005c1600000, 0x00000005c1600000| Untracked 
| 145|0x00000005c1800000, 0x00000005c1800000, 0x00000005c1a00000|  0%| F|  |TAMS 0x00000005c1800000, 0x00000005c1800000| Untracked 
| 146|0x00000005c1a00000, 0x00000005c1a00000, 0x00000005c1c00000|  0%| F|  |TAMS 0x00000005c1a00000, 0x00000005c1a00000| Untracked 
| 147|0x00000005c1c00000, 0x00000005c1c00000, 0x00000005c1e00000|  0%| F|  |TAMS 0x00000005c1c00000, 0x00000005c1c00000| Untracked 
| 148|0x00000005c1e00000, 0x00000005c1e00000, 0x00000005c2000000|  0%| F|  |TAMS 0x00000005c1e00000, 0x00000005c1e00000| Untracked 
| 149|0x00000005c2000000, 0x00000005c2000000, 0x00000005c2200000|  0%| F|  |TAMS 0x00000005c2000000, 0x00000005c2000000| Untracked 
| 150|0x00000005c2200000, 0x00000005c2200000, 0x00000005c2400000|  0%| F|  |TAMS 0x00000005c2200000, 0x00000005c2200000| Untracked 
| 151|0x00000005c2400000, 0x00000005c2400000, 0x00000005c2600000|  0%| F|  |TAMS 0x00000005c2400000, 0x00000005c2400000| Untracked 
| 152|0x00000005c2600000, 0x00000005c2600000, 0x00000005c2800000|  0%| F|  |TAMS 0x00000005c2600000, 0x00000005c2600000| Untracked 
| 153|0x00000005c2800000, 0x00000005c2800000, 0x00000005c2a00000|  0%| F|  |TAMS 0x00000005c2800000, 0x00000005c2800000| Untracked 
| 154|0x00000005c2a00000, 0x00000005c2a00000, 0x00000005c2c00000|  0%| F|  |TAMS 0x00000005c2a00000, 0x00000005c2a00000| Untracked 
| 155|0x00000005c2c00000, 0x00000005c2c00000, 0x00000005c2e00000|  0%| F|  |TAMS 0x00000005c2c00000, 0x00000005c2c00000| Untracked 
| 156|0x00000005c2e00000, 0x00000005c2e00000, 0x00000005c3000000|  0%| F|  |TAMS 0x00000005c2e00000, 0x00000005c2e00000| Untracked 
| 157|0x00000005c3000000, 0x00000005c3000000, 0x00000005c3200000|  0%| F|  |TAMS 0x00000005c3000000, 0x00000005c3000000| Untracked 
| 158|0x00000005c3200000, 0x00000005c3200000, 0x00000005c3400000|  0%| F|  |TAMS 0x00000005c3200000, 0x00000005c3200000| Untracked 
| 159|0x00000005c3400000, 0x00000005c3400000, 0x00000005c3600000|  0%| F|  |TAMS 0x00000005c3400000, 0x00000005c3400000| Untracked 
| 160|0x00000005c3600000, 0x00000005c3600000, 0x00000005c3800000|  0%| F|  |TAMS 0x00000005c3600000, 0x00000005c3600000| Untracked 
| 161|0x00000005c3800000, 0x00000005c3800000, 0x00000005c3a00000|  0%| F|  |TAMS 0x00000005c3800000, 0x00000005c3800000| Untracked 
| 162|0x00000005c3a00000, 0x00000005c3a00000, 0x00000005c3c00000|  0%| F|  |TAMS 0x00000005c3a00000, 0x00000005c3a00000| Untracked 
| 163|0x00000005c3c00000, 0x00000005c3c00000, 0x00000005c3e00000|  0%| F|  |TAMS 0x00000005c3c00000, 0x00000005c3c00000| Untracked 
| 164|0x00000005c3e00000, 0x00000005c3e00000, 0x00000005c4000000|  0%| F|  |TAMS 0x00000005c3e00000, 0x00000005c3e00000| Untracked 
| 165|0x00000005c4000000, 0x00000005c4000000, 0x00000005c4200000|  0%| F|  |TAMS 0x00000005c4000000, 0x00000005c4000000| Untracked 
| 166|0x00000005c4200000, 0x00000005c4200000, 0x00000005c4400000|  0%| F|  |TAMS 0x00000005c4200000, 0x00000005c4200000| Untracked 
| 167|0x00000005c4400000, 0x00000005c4400000, 0x00000005c4600000|  0%| F|  |TAMS 0x00000005c4400000, 0x00000005c4400000| Untracked 
| 168|0x00000005c4600000, 0x00000005c4600000, 0x00000005c4800000|  0%| F|  |TAMS 0x00000005c4600000, 0x00000005c4600000| Untracked 
| 169|0x00000005c4800000, 0x00000005c4800000, 0x00000005c4a00000|  0%| F|  |TAMS 0x00000005c4800000, 0x00000005c4800000| Untracked 
| 170|0x00000005c4a00000, 0x00000005c4a00000, 0x00000005c4c00000|  0%| F|  |TAMS 0x00000005c4a00000, 0x00000005c4a00000| Untracked 
| 171|0x00000005c4c00000, 0x00000005c4c00000, 0x00000005c4e00000|  0%| F|  |TAMS 0x00000005c4c00000, 0x00000005c4c00000| Untracked 
| 172|0x00000005c4e00000, 0x00000005c4e00000, 0x00000005c5000000|  0%| F|  |TAMS 0x00000005c4e00000, 0x00000005c4e00000| Untracked 
| 173|0x00000005c5000000, 0x00000005c5000000, 0x00000005c5200000|  0%| F|  |TAMS 0x00000005c5000000, 0x00000005c5000000| Untracked 
| 174|0x00000005c5200000, 0x00000005c5200000, 0x00000005c5400000|  0%| F|  |TAMS 0x00000005c5200000, 0x00000005c5200000| Untracked 
| 175|0x00000005c5400000, 0x00000005c5400000, 0x00000005c5600000|  0%| F|  |TAMS 0x00000005c5400000, 0x00000005c5400000| Untracked 
| 176|0x00000005c5600000, 0x00000005c5600000, 0x00000005c5800000|  0%| F|  |TAMS 0x00000005c5600000, 0x00000005c5600000| Untracked 
| 177|0x00000005c5800000, 0x00000005c5800000, 0x00000005c5a00000|  0%| F|  |TAMS 0x00000005c5800000, 0x00000005c5800000| Untracked 
| 178|0x00000005c5a00000, 0x00000005c5a00000, 0x00000005c5c00000|  0%| F|  |TAMS 0x00000005c5a00000, 0x00000005c5a00000| Untracked 
| 179|0x00000005c5c00000, 0x00000005c5c00000, 0x00000005c5e00000|  0%| F|  |TAMS 0x00000005c5c00000, 0x00000005c5c00000| Untracked 
| 180|0x00000005c5e00000, 0x00000005c5e00000, 0x00000005c6000000|  0%| F|  |TAMS 0x00000005c5e00000, 0x00000005c5e00000| Untracked 
| 181|0x00000005c6000000, 0x00000005c6000000, 0x00000005c6200000|  0%| F|  |TAMS 0x00000005c6000000, 0x00000005c6000000| Untracked 
| 182|0x00000005c6200000, 0x00000005c6200000, 0x00000005c6400000|  0%| F|  |TAMS 0x00000005c6200000, 0x00000005c6200000| Untracked 
| 183|0x00000005c6400000, 0x00000005c6400000, 0x00000005c6600000|  0%| F|  |TAMS 0x00000005c6400000, 0x00000005c6400000| Untracked 
| 184|0x00000005c6600000, 0x00000005c6600000, 0x00000005c6800000|  0%| F|  |TAMS 0x00000005c6600000, 0x00000005c6600000| Untracked 
| 185|0x00000005c6800000, 0x00000005c6800000, 0x00000005c6a00000|  0%| F|  |TAMS 0x00000005c6800000, 0x00000005c6800000| Untracked 
| 186|0x00000005c6a00000, 0x00000005c6a00000, 0x00000005c6c00000|  0%| F|  |TAMS 0x00000005c6a00000, 0x00000005c6a00000| Untracked 
| 187|0x00000005c6c00000, 0x00000005c6c00000, 0x00000005c6e00000|  0%| F|  |TAMS 0x00000005c6c00000, 0x00000005c6c00000| Untracked 
| 188|0x00000005c6e00000, 0x00000005c6e00000, 0x00000005c7000000|  0%| F|  |TAMS 0x00000005c6e00000, 0x00000005c6e00000| Untracked 
| 189|0x00000005c7000000, 0x00000005c7000000, 0x00000005c7200000|  0%| F|  |TAMS 0x00000005c7000000, 0x00000005c7000000| Untracked 
| 190|0x00000005c7200000, 0x00000005c7200000, 0x00000005c7400000|  0%| F|  |TAMS 0x00000005c7200000, 0x00000005c7200000| Untracked 
| 191|0x00000005c7400000, 0x00000005c7400000, 0x00000005c7600000|  0%| F|  |TAMS 0x00000005c7400000, 0x00000005c7400000| Untracked 
| 192|0x00000005c7600000, 0x00000005c7600000, 0x00000005c7800000|  0%| F|  |TAMS 0x00000005c7600000, 0x00000005c7600000| Untracked 
| 193|0x00000005c7800000, 0x00000005c7800000, 0x00000005c7a00000|  0%| F|  |TAMS 0x00000005c7800000, 0x00000005c7800000| Untracked 
| 194|0x00000005c7a00000, 0x00000005c7a00000, 0x00000005c7c00000|  0%| F|  |TAMS 0x00000005c7a00000, 0x00000005c7a00000| Untracked 
| 195|0x00000005c7c00000, 0x00000005c7c00000, 0x00000005c7e00000|  0%| F|  |TAMS 0x00000005c7c00000, 0x00000005c7c00000| Untracked 
| 196|0x00000005c7e00000, 0x00000005c7e00000, 0x00000005c8000000|  0%| F|  |TAMS 0x00000005c7e00000, 0x00000005c7e00000| Untracked 
| 197|0x00000005c8000000, 0x00000005c8000000, 0x00000005c8200000|  0%| F|  |TAMS 0x00000005c8000000, 0x00000005c8000000| Untracked 
| 198|0x00000005c8200000, 0x00000005c8200000, 0x00000005c8400000|  0%| F|  |TAMS 0x00000005c8200000, 0x00000005c8200000| Untracked 
| 199|0x00000005c8400000, 0x00000005c8400000, 0x00000005c8600000|  0%| F|  |TAMS 0x00000005c8400000, 0x00000005c8400000| Untracked 
| 200|0x00000005c8600000, 0x00000005c8600000, 0x00000005c8800000|  0%| F|  |TAMS 0x00000005c8600000, 0x00000005c8600000| Untracked 
| 201|0x00000005c8800000, 0x00000005c8800000, 0x00000005c8a00000|  0%| F|  |TAMS 0x00000005c8800000, 0x00000005c8800000| Untracked 
| 202|0x00000005c8a00000, 0x00000005c8a00000, 0x00000005c8c00000|  0%| F|  |TAMS 0x00000005c8a00000, 0x00000005c8a00000| Untracked 
| 203|0x00000005c8c00000, 0x00000005c8c00000, 0x00000005c8e00000|  0%| F|  |TAMS 0x00000005c8c00000, 0x00000005c8c00000| Untracked 
| 204|0x00000005c8e00000, 0x00000005c8e00000, 0x00000005c9000000|  0%| F|  |TAMS 0x00000005c8e00000, 0x00000005c8e00000| Untracked 
| 205|0x00000005c9000000, 0x00000005c9000000, 0x00000005c9200000|  0%| F|  |TAMS 0x00000005c9000000, 0x00000005c9000000| Untracked 
| 206|0x00000005c9200000, 0x00000005c9200000, 0x00000005c9400000|  0%| F|  |TAMS 0x00000005c9200000, 0x00000005c9200000| Untracked 
| 207|0x00000005c9400000, 0x00000005c9400000, 0x00000005c9600000|  0%| F|  |TAMS 0x00000005c9400000, 0x00000005c9400000| Untracked 
| 208|0x00000005c9600000, 0x00000005c9600000, 0x00000005c9800000|  0%| F|  |TAMS 0x00000005c9600000, 0x00000005c9600000| Untracked 
| 209|0x00000005c9800000, 0x00000005c9800000, 0x00000005c9a00000|  0%| F|  |TAMS 0x00000005c9800000, 0x00000005c9800000| Untracked 
| 210|0x00000005c9a00000, 0x00000005c9a00000, 0x00000005c9c00000|  0%| F|  |TAMS 0x00000005c9a00000, 0x00000005c9a00000| Untracked 
| 211|0x00000005c9c00000, 0x00000005c9c00000, 0x00000005c9e00000|  0%| F|  |TAMS 0x00000005c9c00000, 0x00000005c9c00000| Untracked 
| 212|0x00000005c9e00000, 0x00000005c9e00000, 0x00000005ca000000|  0%| F|  |TAMS 0x00000005c9e00000, 0x00000005c9e00000| Untracked 
| 213|0x00000005ca000000, 0x00000005ca000000, 0x00000005ca200000|  0%| F|  |TAMS 0x00000005ca000000, 0x00000005ca000000| Untracked 
| 214|0x00000005ca200000, 0x00000005ca200000, 0x00000005ca400000|  0%| F|  |TAMS 0x00000005ca200000, 0x00000005ca200000| Untracked 
| 215|0x00000005ca400000, 0x00000005ca400000, 0x00000005ca600000|  0%| F|  |TAMS 0x00000005ca400000, 0x00000005ca400000| Untracked 
| 216|0x00000005ca600000, 0x00000005ca600000, 0x00000005ca800000|  0%| F|  |TAMS 0x00000005ca600000, 0x00000005ca600000| Untracked 
| 217|0x00000005ca800000, 0x00000005ca800000, 0x00000005caa00000|  0%| F|  |TAMS 0x00000005ca800000, 0x00000005ca800000| Untracked 
| 218|0x00000005caa00000, 0x00000005caa00000, 0x00000005cac00000|  0%| F|  |TAMS 0x00000005caa00000, 0x00000005caa00000| Untracked 
| 219|0x00000005cac00000, 0x00000005cac00000, 0x00000005cae00000|  0%| F|  |TAMS 0x00000005cac00000, 0x00000005cac00000| Untracked 
| 220|0x00000005cae00000, 0x00000005cae00000, 0x00000005cb000000|  0%| F|  |TAMS 0x00000005cae00000, 0x00000005cae00000| Untracked 
| 221|0x00000005cb000000, 0x00000005cb000000, 0x00000005cb200000|  0%| F|  |TAMS 0x00000005cb000000, 0x00000005cb000000| Untracked 
| 222|0x00000005cb200000, 0x00000005cb200000, 0x00000005cb400000|  0%| F|  |TAMS 0x00000005cb200000, 0x00000005cb200000| Untracked 
| 223|0x00000005cb400000, 0x00000005cb400000, 0x00000005cb600000|  0%| F|  |TAMS 0x00000005cb400000, 0x00000005cb400000| Untracked 
| 224|0x00000005cb600000, 0x00000005cb600000, 0x00000005cb800000|  0%| F|  |TAMS 0x00000005cb600000, 0x00000005cb600000| Untracked 
| 225|0x00000005cb800000, 0x00000005cba00000, 0x00000005cba00000|100%| E|  |TAMS 0x00000005cb800000, 0x00000005cb800000| Complete 
| 226|0x00000005cba00000, 0x00000005cbc00000, 0x00000005cbc00000|100%| E|CS|TAMS 0x00000005cba00000, 0x00000005cba00000| Complete 
| 227|0x00000005cbc00000, 0x00000005cbe00000, 0x00000005cbe00000|100%| E|CS|TAMS 0x00000005cbc00000, 0x00000005cbc00000| Complete 
| 228|0x00000005cbe00000, 0x00000005cc000000, 0x00000005cc000000|100%| E|CS|TAMS 0x00000005cbe00000, 0x00000005cbe00000| Complete 
| 229|0x00000005cc000000, 0x00000005cc200000, 0x00000005cc200000|100%| E|CS|TAMS 0x00000005cc000000, 0x00000005cc000000| Complete 
| 230|0x00000005cc200000, 0x00000005cc400000, 0x00000005cc400000|100%| E|CS|TAMS 0x00000005cc200000, 0x00000005cc200000| Complete 
| 231|0x00000005cc400000, 0x00000005cc600000, 0x00000005cc600000|100%| E|CS|TAMS 0x00000005cc400000, 0x00000005cc400000| Complete 
| 232|0x00000005cc600000, 0x00000005cc800000, 0x00000005cc800000|100%| E|CS|TAMS 0x00000005cc600000, 0x00000005cc600000| Complete 
| 233|0x00000005cc800000, 0x00000005cca00000, 0x00000005cca00000|100%| E|CS|TAMS 0x00000005cc800000, 0x00000005cc800000| Complete 
| 234|0x00000005cca00000, 0x00000005ccc00000, 0x00000005ccc00000|100%| E|CS|TAMS 0x00000005cca00000, 0x00000005cca00000| Complete 
| 235|0x00000005ccc00000, 0x00000005cce00000, 0x00000005cce00000|100%| E|CS|TAMS 0x00000005ccc00000, 0x00000005ccc00000| Complete 
| 236|0x00000005cce00000, 0x00000005cd000000, 0x00000005cd000000|100%| E|CS|TAMS 0x00000005cce00000, 0x00000005cce00000| Complete 
| 237|0x00000005cd000000, 0x00000005cd200000, 0x00000005cd200000|100%| E|CS|TAMS 0x00000005cd000000, 0x00000005cd000000| Complete 
| 238|0x00000005cd200000, 0x00000005cd400000, 0x00000005cd400000|100%| E|CS|TAMS 0x00000005cd200000, 0x00000005cd200000| Complete 
| 239|0x00000005cd400000, 0x00000005cd600000, 0x00000005cd600000|100%| E|CS|TAMS 0x00000005cd400000, 0x00000005cd400000| Complete 
| 240|0x00000005cd600000, 0x00000005cd800000, 0x00000005cd800000|100%| E|CS|TAMS 0x00000005cd600000, 0x00000005cd600000| Complete 
| 241|0x00000005cd800000, 0x00000005cda00000, 0x00000005cda00000|100%| E|CS|TAMS 0x00000005cd800000, 0x00000005cd800000| Complete 
| 242|0x00000005cda00000, 0x00000005cdc00000, 0x00000005cdc00000|100%| E|CS|TAMS 0x00000005cda00000, 0x00000005cda00000| Complete 
| 243|0x00000005cdc00000, 0x00000005cde00000, 0x00000005cde00000|100%| E|CS|TAMS 0x00000005cdc00000, 0x00000005cdc00000| Complete 
| 244|0x00000005cde00000, 0x00000005ce000000, 0x00000005ce000000|100%| E|CS|TAMS 0x00000005cde00000, 0x00000005cde00000| Complete 
| 245|0x00000005ce000000, 0x00000005ce200000, 0x00000005ce200000|100%| E|CS|TAMS 0x00000005ce000000, 0x00000005ce000000| Complete 
| 246|0x00000005ce200000, 0x00000005ce400000, 0x00000005ce400000|100%| E|CS|TAMS 0x00000005ce200000, 0x00000005ce200000| Complete 
| 247|0x00000005ce400000, 0x00000005ce600000, 0x00000005ce600000|100%| E|CS|TAMS 0x00000005ce400000, 0x00000005ce400000| Complete 
| 248|0x00000005ce600000, 0x00000005ce800000, 0x00000005ce800000|100%| E|CS|TAMS 0x00000005ce600000, 0x00000005ce600000| Complete 
| 249|0x00000005ce800000, 0x00000005cea00000, 0x00000005cea00000|100%| E|CS|TAMS 0x00000005ce800000, 0x00000005ce800000| Complete 
| 250|0x00000005cea00000, 0x00000005cec00000, 0x00000005cec00000|100%| E|CS|TAMS 0x00000005cea00000, 0x00000005cea00000| Complete 
| 251|0x00000005cec00000, 0x00000005cee00000, 0x00000005cee00000|100%| E|CS|TAMS 0x00000005cec00000, 0x00000005cec00000| Complete 
| 252|0x00000005cee00000, 0x00000005cf000000, 0x00000005cf000000|100%| E|CS|TAMS 0x00000005cee00000, 0x00000005cee00000| Complete 
| 253|0x00000005cf000000, 0x00000005cf200000, 0x00000005cf200000|100%| E|CS|TAMS 0x00000005cf000000, 0x00000005cf000000| Complete 
| 254|0x00000005cf200000, 0x00000005cf400000, 0x00000005cf400000|100%| E|CS|TAMS 0x00000005cf200000, 0x00000005cf200000| Complete 
| 255|0x00000005cf400000, 0x00000005cf600000, 0x00000005cf600000|100%| E|CS|TAMS 0x00000005cf400000, 0x00000005cf400000| Complete 
| 256|0x00000005cf600000, 0x00000005cf800000, 0x00000005cf800000|100%| E|CS|TAMS 0x00000005cf600000, 0x00000005cf600000| Complete 
| 257|0x00000005cf800000, 0x00000005cfa00000, 0x00000005cfa00000|100%| E|CS|TAMS 0x00000005cf800000, 0x00000005cf800000| Complete 
| 258|0x00000005cfa00000, 0x00000005cfc00000, 0x00000005cfc00000|100%| E|CS|TAMS 0x00000005cfa00000, 0x00000005cfa00000| Complete 
| 259|0x00000005cfc00000, 0x00000005cfe00000, 0x00000005cfe00000|100%| E|CS|TAMS 0x00000005cfc00000, 0x00000005cfc00000| Complete 
| 260|0x00000005cfe00000, 0x00000005d0000000, 0x00000005d0000000|100%| E|CS|TAMS 0x00000005cfe00000, 0x00000005cfe00000| Complete 
| 261|0x00000005d0000000, 0x00000005d0200000, 0x00000005d0200000|100%| E|CS|TAMS 0x00000005d0000000, 0x00000005d0000000| Complete 
| 262|0x00000005d0200000, 0x00000005d0400000, 0x00000005d0400000|100%| E|CS|TAMS 0x00000005d0200000, 0x00000005d0200000| Complete 
| 263|0x00000005d0400000, 0x00000005d0600000, 0x00000005d0600000|100%| E|CS|TAMS 0x00000005d0400000, 0x00000005d0400000| Complete 
| 264|0x00000005d0600000, 0x00000005d0800000, 0x00000005d0800000|100%| E|CS|TAMS 0x00000005d0600000, 0x00000005d0600000| Complete 
| 265|0x00000005d0800000, 0x00000005d0a00000, 0x00000005d0a00000|100%| E|CS|TAMS 0x00000005d0800000, 0x00000005d0800000| Complete 
| 266|0x00000005d0a00000, 0x00000005d0c00000, 0x00000005d0c00000|100%| E|CS|TAMS 0x00000005d0a00000, 0x00000005d0a00000| Complete 
| 267|0x00000005d0c00000, 0x00000005d0e00000, 0x00000005d0e00000|100%| E|CS|TAMS 0x00000005d0c00000, 0x00000005d0c00000| Complete 
| 268|0x00000005d0e00000, 0x00000005d1000000, 0x00000005d1000000|100%| E|CS|TAMS 0x00000005d0e00000, 0x00000005d0e00000| Complete 
| 269|0x00000005d1000000, 0x00000005d1200000, 0x00000005d1200000|100%| E|CS|TAMS 0x00000005d1000000, 0x00000005d1000000| Complete 
| 270|0x00000005d1200000, 0x00000005d1400000, 0x00000005d1400000|100%| E|CS|TAMS 0x00000005d1200000, 0x00000005d1200000| Complete 
| 271|0x00000005d1400000, 0x00000005d1600000, 0x00000005d1600000|100%| E|CS|TAMS 0x00000005d1400000, 0x00000005d1400000| Complete 
| 272|0x00000005d1600000, 0x00000005d1800000, 0x00000005d1800000|100%| E|CS|TAMS 0x00000005d1600000, 0x00000005d1600000| Complete 
| 273|0x00000005d1800000, 0x00000005d1a00000, 0x00000005d1a00000|100%| E|CS|TAMS 0x00000005d1800000, 0x00000005d1800000| Complete 
| 274|0x00000005d1a00000, 0x00000005d1c00000, 0x00000005d1c00000|100%| E|CS|TAMS 0x00000005d1a00000, 0x00000005d1a00000| Complete 
| 275|0x00000005d1c00000, 0x00000005d1e00000, 0x00000005d1e00000|100%| E|CS|TAMS 0x00000005d1c00000, 0x00000005d1c00000| Complete 
| 276|0x00000005d1e00000, 0x00000005d2000000, 0x00000005d2000000|100%| E|CS|TAMS 0x00000005d1e00000, 0x00000005d1e00000| Complete 
| 277|0x00000005d2000000, 0x00000005d2200000, 0x00000005d2200000|100%| E|CS|TAMS 0x00000005d2000000, 0x00000005d2000000| Complete 
| 278|0x00000005d2200000, 0x00000005d2400000, 0x00000005d2400000|100%| E|CS|TAMS 0x00000005d2200000, 0x00000005d2200000| Complete 
| 279|0x00000005d2400000, 0x00000005d2600000, 0x00000005d2600000|100%| E|CS|TAMS 0x00000005d2400000, 0x00000005d2400000| Complete 
| 280|0x00000005d2600000, 0x00000005d2800000, 0x00000005d2800000|100%| E|CS|TAMS 0x00000005d2600000, 0x00000005d2600000| Complete 
| 281|0x00000005d2800000, 0x00000005d2a00000, 0x00000005d2a00000|100%| E|CS|TAMS 0x00000005d2800000, 0x00000005d2800000| Complete 
| 282|0x00000005d2a00000, 0x00000005d2bff608, 0x00000005d2c00000| 99%| S|CS|TAMS 0x00000005d2a00000, 0x00000005d2a00000| Complete 
| 283|0x00000005d2c00000, 0x00000005d2e00000, 0x00000005d2e00000|100%| E|CS|TAMS 0x00000005d2c00000, 0x00000005d2c00000| Complete 
| 284|0x00000005d2e00000, 0x00000005d3000000, 0x00000005d3000000|100%| E|CS|TAMS 0x00000005d2e00000, 0x00000005d2e00000| Complete 
| 285|0x00000005d3000000, 0x00000005d3200000, 0x00000005d3200000|100%| E|CS|TAMS 0x00000005d3000000, 0x00000005d3000000| Complete 
| 286|0x00000005d3200000, 0x00000005d3400000, 0x00000005d3400000|100%| E|CS|TAMS 0x00000005d3200000, 0x00000005d3200000| Complete 
| 287|0x00000005d3400000, 0x00000005d3600000, 0x00000005d3600000|100%| E|CS|TAMS 0x00000005d3400000, 0x00000005d3400000| Complete 
| 288|0x00000005d3600000, 0x00000005d3800000, 0x00000005d3800000|100%| E|CS|TAMS 0x00000005d3600000, 0x00000005d3600000| Complete 
| 289|0x00000005d3800000, 0x00000005d3a00000, 0x00000005d3a00000|100%| E|CS|TAMS 0x00000005d3800000, 0x00000005d3800000| Complete 
| 290|0x00000005d3a00000, 0x00000005d3c00000, 0x00000005d3c00000|100%| E|CS|TAMS 0x00000005d3a00000, 0x00000005d3a00000| Complete 
| 291|0x00000005d3c00000, 0x00000005d3e00000, 0x00000005d3e00000|100%| E|CS|TAMS 0x00000005d3c00000, 0x00000005d3c00000| Complete 
| 292|0x00000005d3e00000, 0x00000005d4000000, 0x00000005d4000000|100%| E|CS|TAMS 0x00000005d3e00000, 0x00000005d3e00000| Complete 
| 293|0x00000005d4000000, 0x00000005d4200000, 0x00000005d4200000|100%| E|CS|TAMS 0x00000005d4000000, 0x00000005d4000000| Complete 
| 294|0x00000005d4200000, 0x00000005d4400000, 0x00000005d4400000|100%| E|CS|TAMS 0x00000005d4200000, 0x00000005d4200000| Complete 
| 295|0x00000005d4400000, 0x00000005d4600000, 0x00000005d4600000|100%| E|CS|TAMS 0x00000005d4400000, 0x00000005d4400000| Complete 
| 296|0x00000005d4600000, 0x00000005d4800000, 0x00000005d4800000|100%| E|CS|TAMS 0x00000005d4600000, 0x00000005d4600000| Complete 
|4227|0x00000007bfc00000, 0x00000007bfc48000, 0x00000007bfe00000| 14%|OA|  |TAMS 0x00000007bfc00000, 0x00000007bfc00000| Untracked 
|4228|0x00000007bfe00000, 0x00000007bfe6b000, 0x00000007c0000000| 20%|CA|  |TAMS 0x00000007bfe00000, 0x00000007bfe00000| Untracked 

Card table byte_map: [0x00007f0f6daf6000,0x00007f0f6ed7b000] _byte_map_base: 0x00007f0f6ad7b000

Marking Bits (Prev, Next): (CMBitMap*) 0x00007f0f8c061068, (CMBitMap*) 0x00007f0f8c0610a0
 Prev Bits: [0x00007f0f63449000, 0x00007f0f6c871000)
 Next Bits: [0x00007f0f5a021000, 0x00007f0f63449000)

Polling page: 0x00007f0f934cf000

Metaspace:

Usage:
  Non-class:     10,58 MB capacity,     8,19 MB ( 77%) used,     2,38 MB ( 22%) free+waste,    13,19 KB ( <1%) overhead. 
      Class:      1,02 MB capacity,   752,20 KB ( 72%) used,   282,55 KB ( 27%) free+waste,     5,25 KB ( <1%) overhead. 
       Both:     11,60 MB capacity,     8,93 MB ( 77%) used,     2,65 MB ( 23%) free+waste,    18,44 KB ( <1%) overhead. 

Virtual space:
  Non-class space:       12,00 MB reserved,      10,75 MB ( 90%) committed 
      Class space:        1,00 GB reserved,       1,12 MB ( <1%) committed 
             Both:        1,01 GB reserved,      11,88 MB (  1%) committed 

Chunk freelists:
   Non-Class:  86,00 KB
       Class:  16,00 KB
        Both:  102,00 KB

MaxMetaspaceSize: unlimited
CompressedClassSpaceSize: 1,00 GB
Initial GC threshold: 20,80 MB
Current GC threshold: 20,80 MB
CDS: on

CodeHeap 'non-profiled nmethods': size=119172Kb used=453Kb max_used=453Kb free=118718Kb
 bounds [0x00007f0f7c19f000, 0x00007f0f7c40f000, 0x00007f0f83600000]
CodeHeap 'profiled nmethods': size=119168Kb used=2497Kb max_used=2497Kb free=116670Kb
 bounds [0x00007f0f74d3f000, 0x00007f0f74fbf000, 0x00007f0f7c19f000]
CodeHeap 'non-nmethods': size=7420Kb used=2822Kb max_used=2837Kb free=4597Kb
 bounds [0x00007f0f74600000, 0x00007f0f749e0000, 0x00007f0f74d3f000]
 total_blobs=1582 nmethods=1193 adapters=300
 compilation: enabled
              stopped_count=0, restarted_count=0
 full_count=0

Compilation events (20 events):
Event: 8,237 Thread 0x00007f0f2c132000 nmethod 1249 0x00007f0f74fa5990 code [0x00007f0f74fa5d20, 0x00007f0f74fa7360]
Event: 8,238 Thread 0x00007f0f2c132000 1250       3       jdk.internal.jimage.ImageLocation::getAttribute (44 bytes)
Event: 8,239 Thread 0x00007f0f2c132000 nmethod 1250 0x00007f0f74fa7b10 code [0x00007f0f74fa7d80, 0x00007f0f74fa8690]
Event: 8,264 Thread 0x00007f0f2c132000 1251       3       jdk.internal.jimage.BasicImageReader::getString (48 bytes)
Event: 8,265 Thread 0x00007f0f2c132000 nmethod 1251 0x00007f0f74fa8a10 code [0x00007f0f74fa8c80, 0x00007f0f74fa9750]
Event: 8,272 Thread 0x00007f0f2c133000 1252       1       jdk.internal.jimage.ImageReader$Node::getName (5 bytes)
Event: 8,272 Thread 0x00007f0f2c133000 nmethod 1252 0x00007f0f7c20f310 code [0x00007f0f7c20f4c0, 0x00007f0f7c20f590]
Event: 8,272 Thread 0x00007f0f2c133000 1253       3       jdk.internal.jimage.ImageStringsReader::get (9 bytes)
Event: 8,273 Thread 0x00007f0f2c133000 nmethod 1253 0x00007f0f74fa9a90 code [0x00007f0f74fa9c40, 0x00007f0f74fa9e20]
Event: 8,273 Thread 0x00007f0f2c133000 1254       3       jdk.internal.jimage.ImageLocation::getAttributeString (54 bytes)
Event: 8,275 Thread 0x00007f0f2c133000 nmethod 1254 0x00007f0f74fa9f10 code [0x00007f0f74faa1a0, 0x00007f0f74faac60]
Event: 8,275 Thread 0x00007f0f2c133000 1255       3       jdk.internal.jimage.ImageReader$SharedImageReader::makeDirectory (25 bytes)
Event: 8,277 Thread 0x00007f0f2c133000 nmethod 1255 0x00007f0f74fab090 code [0x00007f0f74fab320, 0x00007f0f74fabf50]
Event: 8,279 Thread 0x00007f0f2c133000 1256       3       jdk.internal.jimage.ImageLocation::decompress (153 bytes)
Event: 8,281 Thread 0x00007f0f2c133000 nmethod 1256 0x00007f0f74fac390 code [0x00007f0f74fac680, 0x00007f0f74fad810]
Event: 8,284 Thread 0x00007f0f8c2ab000 1257       1       jdk.internal.jimage.BasicImageReader::getStrings (5 bytes)
Event: 8,285 Thread 0x00007f0f8c2ab000 nmethod 1257 0x00007f0f7c20f610 code [0x00007f0f7c20f7c0, 0x00007f0f7c20f890]
Event: 8,287 Thread 0x00007f0f2c003000 nmethod 1114 0x00007f0f7c20f910 code [0x00007f0f7c20fac0, 0x00007f0f7c210098]
Event: 8,287 Thread 0x00007f0f2c003000 1117       4       java.util.ArrayList::add (25 bytes)
Event: 8,288 Thread 0x00007f0f8c2ab000 1258       3       jdk.internal.jimage.ImageReader$Node::<init> (27 bytes)

GC Heap History (2 events):
Event: 3,485 GC heap before
{Heap before GC invocations=0 (full 0):
 garbage-first heap   total 612352K, used 29388K [0x00000005af600000, 0x0000000800000000)
  region size 2048K, 14 young (28672K), 0 survivors (0K)
 Metaspace       used 5398K, capacity 8725K, committed 8960K, reserved 1056768K
  class space    used 383K, capacity 716K, committed 768K, reserved 1048576K
}
Event: 3,840 GC heap after
{Heap after GC invocations=1 (full 0):
 garbage-first heap   total 612352K, used 2761K [0x00000005af600000, 0x0000000800000000)
  region size 2048K, 1 young (2048K), 1 survivors (2048K)
 Metaspace       used 5398K, capacity 8725K, committed 8960K, reserved 1056768K
  class space    used 383K, capacity 716K, committed 768K, reserved 1048576K
}

Deoptimization events (20 events):
Event: 5,587 Thread 0x00007f0f8c016000 Uncommon trap: trap_request=0xffffffbe fr.pc=0x00007f0f7c1ec378 relative=0x0000000000000998
Event: 5,587 Thread 0x00007f0f8c016000 Uncommon trap: reason=profile_predicate action=maybe_recompile pc=0x00007f0f7c1ec378 method=jdk.internal.jimage.ImageStringsReader.charsFromByteBuffer([CLjava/nio/ByteBuffer;)V @ 6 c2
Event: 5,587 Thread 0x00007f0f8c016000 DEOPT PACKING pc=0x00007f0f7c1ec378 sp=0x00007f0f91dfd5e0
Event: 5,587 Thread 0x00007f0f8c016000 DEOPT UNPACKING pc=0x00007f0f74649ea5 sp=0x00007f0f91dfd4b8 mode 2
Event: 5,614 Thread 0x00007f0f8c016000 DEOPT PACKING pc=0x00007f0f74f60430 sp=0x00007f0f91dfdd60
Event: 5,614 Thread 0x00007f0f8c016000 DEOPT UNPACKING pc=0x00007f0f7464a64a sp=0x00007f0f91dfd290 mode 0
Event: 7,275 Thread 0x00007f0f8c016000 DEOPT PACKING pc=0x00007f0f74d6e51f sp=0x00007f0f91dfd4b0
Event: 7,275 Thread 0x00007f0f8c016000 DEOPT UNPACKING pc=0x00007f0f7464a64a sp=0x00007f0f91dfc9a0 mode 0
Event: 7,505 Thread 0x00007f0f8c016000 DEOPT PACKING pc=0x00007f0f74d6e51f sp=0x00007f0f91dfd6c0
Event: 7,505 Thread 0x00007f0f8c016000 DEOPT UNPACKING pc=0x00007f0f7464a64a sp=0x00007f0f91dfcbb0 mode 0
Event: 7,686 Thread 0x00007f0f8c016000 DEOPT PACKING pc=0x00007f0f74f769d1 sp=0x00007f0f91dfde20
Event: 7,686 Thread 0x00007f0f8c016000 DEOPT UNPACKING pc=0x00007f0f7464a64a sp=0x00007f0f91dfd3b0 mode 0
Event: 7,725 Thread 0x00007f0f8c016000 DEOPT PACKING pc=0x00007f0f74d6e51f sp=0x00007f0f91dfdfa0
Event: 7,725 Thread 0x00007f0f8c016000 DEOPT UNPACKING pc=0x00007f0f7464a64a sp=0x00007f0f91dfd490 mode 0
Event: 7,771 Thread 0x00007f0f8c016000 DEOPT PACKING pc=0x00007f0f74d6e51f sp=0x00007f0f91dfe040
Event: 7,771 Thread 0x00007f0f8c016000 DEOPT UNPACKING pc=0x00007f0f7464a64a sp=0x00007f0f91dfd530 mode 0
Event: 8,154 Thread 0x00007f0f8c016000 Uncommon trap: trap_request=0xffffffde fr.pc=0x00007f0f7c2043e0 relative=0x0000000000002080
Event: 8,154 Thread 0x00007f0f8c016000 Uncommon trap: reason=class_check action=maybe_recompile pc=0x00007f0f7c2043e0 method=java.util.stream.ReferencePipeline$3$1.accept(Ljava/lang/Object;)V @ 12 c2
Event: 8,154 Thread 0x00007f0f8c016000 DEOPT PACKING pc=0x00007f0f7c2043e0 sp=0x00007f0f91dfd8a0
Event: 8,154 Thread 0x00007f0f8c016000 DEOPT UNPACKING pc=0x00007f0f74649ea5 sp=0x00007f0f91dfd720 mode 2

Classes redefined (0 events):
No events

Internal exceptions (2 events):
Event: 1,179 Thread 0x00007f0f8c016000 Exception <a 'java/lang/NoSuchMethodError'{0x00000005d41f7818}: 'int java.lang.invoke.DirectMethodHandle$Holder.invokeSpecialIFC(java.lang.Object, java.lang.Object, int)'> (0x00000005d41f7818) thrown at [./src/hotspot/share/interpreter/linkResolver.cpp, line 772]
Event: 2,316 Thread 0x00007f0f8c016000 Exception <a 'java/io/FileNotFoundException'{0x00000005d3d78f88}> (0x00000005d3d78f88) thrown at [./src/hotspot/share/prims/jni.cpp, line 617]

Events (20 events):
Event: 7,906 loading class org/aspectj/org/eclipse/jdt/internal/compiler/batch/ClasspathJrt$2
Event: 7,906 loading class org/aspectj/org/eclipse/jdt/internal/compiler/batch/ClasspathJrt$2 done
Event: 7,907 loading class org/aspectj/org/eclipse/jdt/internal/compiler/util/JRTUtil
Event: 7,907 loading class org/aspectj/org/eclipse/jdt/internal/compiler/util/JRTUtil done
Event: 7,937 loading class org/aspectj/org/eclipse/jdt/internal/compiler/util/RuntimeIOException
Event: 7,937 loading class org/aspectj/org/eclipse/jdt/internal/compiler/util/RuntimeIOException done
Event: 7,937 loading class java/nio/channels/ClosedByInterruptException
Event: 7,937 loading class java/nio/channels/AsynchronousCloseException
Event: 7,937 loading class java/nio/channels/ClosedChannelException
Event: 7,937 loading class java/nio/channels/ClosedChannelException done
Event: 7,937 loading class java/nio/channels/AsynchronousCloseException done
Event: 7,937 loading class java/nio/channels/ClosedByInterruptException done
Event: 7,939 loading class org/aspectj/org/eclipse/jdt/internal/compiler/util/JrtFileSystem
Event: 7,939 loading class org/aspectj/org/eclipse/jdt/internal/compiler/util/JrtFileSystem done
Event: 7,940 loading class org/aspectj/org/eclipse/jdt/internal/compiler/util/JrtFileSystemWithOlderRelease
Event: 7,940 loading class org/aspectj/org/eclipse/jdt/internal/compiler/util/JrtFileSystemWithOlderRelease done
Event: 8,154 loading class org/aspectj/org/eclipse/jdt/internal/compiler/util/JrtFileSystem$1
Event: 8,154 loading class org/aspectj/org/eclipse/jdt/internal/compiler/util/JrtFileSystem$1 done
Event: 8,155 loading class org/aspectj/org/eclipse/jdt/internal/compiler/util/JRTUtil$AbstractFileVisitor
Event: 8,155 loading class org/aspectj/org/eclipse/jdt/internal/compiler/util/JRTUtil$AbstractFileVisitor done


Dynamic libraries:
5af600000-5d4800000 rw-p 00000000 00:00 0 
5d4800000-7bfc00000 ---p 00000000 00:00 0 
7bfc00000-7bfc48000 rw-p 00b0a000 103:05 6160405                         /usr/lib/jvm/java-11-openjdk-amd64/lib/server/classes.jsa
7bfc48000-7bfe00000 rw-p 00000000 00:00 0 
7bfe00000-7bfe6b000 rw-p 00a9f000 103:05 6160405                         /usr/lib/jvm/java-11-openjdk-amd64/lib/server/classes.jsa
7bfe6b000-7c0000000 rw-p 00000000 00:00 0 
7c0000000-800000000 ---p 00000000 00:00 0 
800000000-800002000 rwxp 00001000 103:05 6160405                         /usr/lib/jvm/java-11-openjdk-amd64/lib/server/classes.jsa
800002000-8003cc000 rw-p 00003000 103:05 6160405                         /usr/lib/jvm/java-11-openjdk-amd64/lib/server/classes.jsa
8003cc000-800a9d000 r--p 003cd000 103:05 6160405                         /usr/lib/jvm/java-11-openjdk-amd64/lib/server/classes.jsa
800a9d000-800a9e000 rw-p 00a9e000 103:05 6160405                         /usr/lib/jvm/java-11-openjdk-amd64/lib/server/classes.jsa
840000000-840120000 rw-p 00000000 00:00 0 
840120000-880000000 ---p 00000000 00:00 0 
55cc45c59000-55cc45c5a000 r--p 00000000 103:05 5767910                   /usr/lib/jvm/java-11-openjdk-amd64/bin/java
55cc45c5a000-55cc45c5b000 r-xp 00001000 103:05 5767910                   /usr/lib/jvm/java-11-openjdk-amd64/bin/java
55cc45c5b000-55cc45c5c000 r--p 00002000 103:05 5767910                   /usr/lib/jvm/java-11-openjdk-amd64/bin/java
55cc45c5c000-55cc45c5d000 r--p 00002000 103:05 5767910                   /usr/lib/jvm/java-11-openjdk-amd64/bin/java
55cc45c5d000-55cc45c5e000 rw-p 00003000 103:05 5767910                   /usr/lib/jvm/java-11-openjdk-amd64/bin/java
55cc4786d000-55cc4788e000 rw-p 00000000 00:00 0                          [heap]
7f0ebf600000-7f0ec7e08000 r--s 00000000 103:05 6164560                   /usr/lib/jvm/java-11-openjdk-amd64/lib/modules
7f0ec8000000-7f0ec8dd5000 rw-p 00000000 00:00 0 
7f0ec8dd5000-7f0ecc000000 ---p 00000000 00:00 0 
7f0ecc000000-7f0ecc021000 rw-p 00000000 00:00 0 
7f0ecc021000-7f0ed0000000 ---p 00000000 00:00 0 
7f0ed0000000-7f0ed0021000 rw-p 00000000 00:00 0 
7f0ed0021000-7f0ed4000000 ---p 00000000 00:00 0 
7f0ed7600000-7f0edfe08000 r--s 00000000 103:05 6164560                   /usr/lib/jvm/java-11-openjdk-amd64/lib/modules
7f0ee0000000-7f0ee0021000 rw-p 00000000 00:00 0 
7f0ee0021000-7f0ee4000000 ---p 00000000 00:00 0 
7f0ee4000000-7f0ee4b30000 rw-p 00000000 00:00 0 
7f0ee4b30000-7f0ee8000000 ---p 00000000 00:00 0 
7f0ee8000000-7f0ee8021000 rw-p 00000000 00:00 0 
7f0ee8021000-7f0eec000000 ---p 00000000 00:00 0 
7f0eec000000-7f0eec021000 rw-p 00000000 00:00 0 
7f0eec021000-7f0ef0000000 ---p 00000000 00:00 0 
7f0ef0000000-7f0ef0021000 rw-p 00000000 00:00 0 
7f0ef0021000-7f0ef4000000 ---p 00000000 00:00 0 
7f0ef4000000-7f0ef4021000 rw-p 00000000 00:00 0 
7f0ef4021000-7f0ef8000000 ---p 00000000 00:00 0 
7f0ef8000000-7f0ef8021000 rw-p 00000000 00:00 0 
7f0ef8021000-7f0efc000000 ---p 00000000 00:00 0 
7f0efc000000-7f0efc021000 rw-p 00000000 00:00 0 
7f0efc021000-7f0f00000000 ---p 00000000 00:00 0 
7f0f00000000-7f0f00021000 rw-p 00000000 00:00 0 
7f0f00021000-7f0f04000000 ---p 00000000 00:00 0 
7f0f04000000-7f0f04021000 rw-p 00000000 00:00 0 
7f0f04021000-7f0f08000000 ---p 00000000 00:00 0 
7f0f08000000-7f0f08021000 rw-p 00000000 00:00 0 
7f0f08021000-7f0f0c000000 ---p 00000000 00:00 0 
7f0f0c000000-7f0f0c021000 rw-p 00000000 00:00 0 
7f0f0c021000-7f0f10000000 ---p 00000000 00:00 0 
7f0f10000000-7f0f10021000 rw-p 00000000 00:00 0 
7f0f10021000-7f0f14000000 ---p 00000000 00:00 0 
7f0f14000000-7f0f14021000 rw-p 00000000 00:00 0 
7f0f14021000-7f0f18000000 ---p 00000000 00:00 0 
7f0f18000000-7f0f1827c000 rw-p 00000000 00:00 0 
7f0f1827c000-7f0f1c000000 ---p 00000000 00:00 0 
7f0f1c000000-7f0f1c021000 rw-p 00000000 00:00 0 
7f0f1c021000-7f0f20000000 ---p 00000000 00:00 0 
7f0f20000000-7f0f20021000 rw-p 00000000 00:00 0 
7f0f20021000-7f0f24000000 ---p 00000000 00:00 0 
7f0f24000000-7f0f245d6000 rw-p 00000000 00:00 0 
7f0f245d6000-7f0f28000000 ---p 00000000 00:00 0 
7f0f28000000-7f0f2914d000 rw-p 00000000 00:00 0 
7f0f2914d000-7f0f2c000000 ---p 00000000 00:00 0 
7f0f2c000000-7f0f2c138000 rw-p 00000000 00:00 0 
7f0f2c138000-7f0f30000000 ---p 00000000 00:00 0 
7f0f30000000-7f0f30021000 rw-p 00000000 00:00 0 
7f0f30021000-7f0f34000000 ---p 00000000 00:00 0 
7f0f34000000-7f0f34021000 rw-p 00000000 00:00 0 
7f0f34021000-7f0f38000000 ---p 00000000 00:00 0 
7f0f38000000-7f0f38021000 rw-p 00000000 00:00 0 
7f0f38021000-7f0f3c000000 ---p 00000000 00:00 0 
7f0f3c000000-7f0f3c021000 rw-p 00000000 00:00 0 
7f0f3c021000-7f0f40000000 ---p 00000000 00:00 0 
7f0f40000000-7f0f40021000 rw-p 00000000 00:00 0 
7f0f40021000-7f0f44000000 ---p 00000000 00:00 0 
7f0f44000000-7f0f44021000 rw-p 00000000 00:00 0 
7f0f44021000-7f0f48000000 ---p 00000000 00:00 0 
7f0f48000000-7f0f48021000 rw-p 00000000 00:00 0 
7f0f48021000-7f0f4c000000 ---p 00000000 00:00 0 
7f0f4c000000-7f0f4c021000 rw-p 00000000 00:00 0 
7f0f4c021000-7f0f50000000 ---p 00000000 00:00 0 
7f0f50ee6000-7f0f50eea000 ---p 00000000 00:00 0 
7f0f50eea000-7f0f510a6000 rw-p 00000000 00:00 0 
7f0f510a6000-7f0f511e6000 ---p 00000000 00:00 0 
7f0f511e6000-7f0f511ea000 ---p 00000000 00:00 0 
7f0f511ea000-7f0f512e6000 rw-p 00000000 00:00 0 
7f0f512e6000-7f0f512ea000 ---p 00000000 00:00 0 
7f0f512ea000-7f0f515e6000 rw-p 00000000 00:00 0 
7f0f515e6000-7f0f515e7000 ---p 00000000 00:00 0 
7f0f515e7000-7f0f516e8000 rw-p 00000000 00:00 0 
7f0f516e8000-7f0f516e9000 ---p 00000000 00:00 0 
7f0f516e9000-7f0f517ea000 rw-p 00000000 00:00 0 
7f0f517ea000-7f0f517eb000 ---p 00000000 00:00 0 
7f0f517eb000-7f0f518ec000 rw-p 00000000 00:00 0 
7f0f518ec000-7f0f518ed000 ---p 00000000 00:00 0 
7f0f518ed000-7f0f519ee000 rw-p 00000000 00:00 0 
7f0f519ee000-7f0f519ef000 ---p 00000000 00:00 0 
7f0f519ef000-7f0f51af0000 rw-p 00000000 00:00 0 
7f0f51af0000-7f0f51af1000 ---p 00000000 00:00 0 
7f0f51af1000-7f0f51bf2000 rw-p 00000000 00:00 0 
7f0f51bf2000-7f0f51bf3000 ---p 00000000 00:00 0 
7f0f51bf3000-7f0f51cf4000 rw-p 00000000 00:00 0 
7f0f51cf4000-7f0f51cf5000 ---p 00000000 00:00 0 
7f0f51cf5000-7f0f51df6000 rw-p 00000000 00:00 0 
7f0f51df6000-7f0f51df7000 ---p 00000000 00:00 0 
7f0f51df7000-7f0f51ef8000 rw-p 00000000 00:00 0 
7f0f51ef8000-7f0f51ef9000 ---p 00000000 00:00 0 
7f0f51ef9000-7f0f51ffa000 rw-p 00000000 00:00 0 
7f0f51ffa000-7f0f51ffb000 ---p 00000000 00:00 0 
7f0f51ffb000-7f0f520fc000 rw-p 00000000 00:00 0 
7f0f520fc000-7f0f520fd000 ---p 00000000 00:00 0 
7f0f520fd000-7f0f521fe000 rw-p 00000000 00:00 0 
7f0f521fe000-7f0f52202000 ---p 00000000 00:00 0 
7f0f52202000-7f0f522fe000 rw-p 00000000 00:00 0 
7f0f522fe000-7f0f522ff000 ---p 00000000 00:00 0 
7f0f522ff000-7f0f52400000 rw-p 00000000 00:00 0 
7f0f52400000-7f0f52404000 ---p 00000000 00:00 0 
7f0f52404000-7f0f52500000 rw-p 00000000 00:00 0 
7f0f52500000-7f0f52504000 ---p 00000000 00:00 0 
7f0f52504000-7f0f52600000 rw-p 00000000 00:00 0 
7f0f52600000-7f0f52604000 ---p 00000000 00:00 0 
7f0f52604000-7f0f52700000 rw-p 00000000 00:00 0 
7f0f52700000-7f0f52704000 ---p 00000000 00:00 0 
7f0f52704000-7f0f52800000 rw-p 00000000 00:00 0 
7f0f52800000-7f0f52804000 ---p 00000000 00:00 0 
7f0f52804000-7f0f52900000 rw-p 00000000 00:00 0 
7f0f52900000-7f0f52904000 ---p 00000000 00:00 0 
7f0f52904000-7f0f52a00000 rw-p 00000000 00:00 0 
7f0f52a00000-7f0f52a04000 ---p 00000000 00:00 0 
7f0f52a04000-7f0f52b00000 rw-p 00000000 00:00 0 
7f0f52b00000-7f0f52b04000 ---p 00000000 00:00 0 
7f0f52b04000-7f0f52c00000 rw-p 00000000 00:00 0 
7f0f52c00000-7f0f53174000 r--p 00000000 103:05 4456560                   /usr/lib/locale/locale-archive
7f0f531f9000-7f0f531fd000 ---p 00000000 00:00 0 
7f0f531fd000-7f0f532f9000 rw-p 00000000 00:00 0 
7f0f532f9000-7f0f532fd000 ---p 00000000 00:00 0 
7f0f532fd000-7f0f533f9000 rw-p 00000000 00:00 0 
7f0f533f9000-7f0f533fa000 ---p 00000000 00:00 0 
7f0f533fa000-7f0f53cfb000 rw-p 00000000 00:00 0 
7f0f53cfb000-7f0f53cfc000 ---p 00000000 00:00 0 
7f0f53cfc000-7f0f53dfd000 rw-p 00000000 00:00 0 
7f0f53dfd000-7f0f53dfe000 ---p 00000000 00:00 0 
7f0f53dfe000-7f0f54000000 rw-p 00000000 00:00 0 
7f0f54000000-7f0f54021000 rw-p 00000000 00:00 0 
7f0f54021000-7f0f58000000 ---p 00000000 00:00 0 
7f0f58021000-7f0f5a969000 rw-p 00000000 00:00 0 
7f0f5a969000-7f0f62439000 ---p 00000000 00:00 0 
7f0f62439000-7f0f62449000 rw-p 00000000 00:00 0 
7f0f62449000-7f0f63449000 ---p 00000000 00:00 0 
7f0f63449000-7f0f63d91000 rw-p 00000000 00:00 0 
7f0f63d91000-7f0f6b861000 ---p 00000000 00:00 0 
7f0f6b861000-7f0f6b871000 rw-p 00000000 00:00 0 
7f0f6b871000-7f0f6c871000 ---p 00000000 00:00 0 
7f0f6c871000-7f0f6c99a000 rw-p 00000000 00:00 0 
7f0f6c99a000-7f0f6d8f4000 ---p 00000000 00:00 0 
7f0f6d8f4000-7f0f6d8f6000 rw-p 00000000 00:00 0 
7f0f6d8f6000-7f0f6daf6000 ---p 00000000 00:00 0 
7f0f6daf6000-7f0f6dc1f000 rw-p 00000000 00:00 0 
7f0f6dc1f000-7f0f6eb79000 ---p 00000000 00:00 0 
7f0f6eb79000-7f0f6eb7b000 rw-p 00000000 00:00 0 
7f0f6eb7b000-7f0f6ed7b000 ---p 00000000 00:00 0 
7f0f6ed7b000-7f0f6eea4000 rw-p 00000000 00:00 0 
7f0f6eea4000-7f0f6fdfe000 ---p 00000000 00:00 0 
7f0f6fdfe000-7f0f6fe00000 rw-p 00000000 00:00 0 
7f0f6fe00000-7f0f70000000 ---p 00000000 00:00 0 
7f0f70000000-7f0f70021000 rw-p 00000000 00:00 0 
7f0f70021000-7f0f74000000 ---p 00000000 00:00 0 
7f0f740fb000-7f0f74600000 rw-p 00000000 00:00 0 
7f0f74600000-7f0f749e0000 rwxp 00000000 00:00 0 
7f0f749e0000-7f0f74d3f000 ---p 00000000 00:00 0 
7f0f74d3f000-7f0f74fbf000 rwxp 00000000 00:00 0 
7f0f74fbf000-7f0f7c19f000 ---p 00000000 00:00 0 
7f0f7c19f000-7f0f7c40f000 rwxp 00000000 00:00 0 
7f0f7c40f000-7f0f83600000 ---p 00000000 00:00 0 
7f0f83600000-7f0f8be08000 r--s 00000000 103:05 6164560                   /usr/lib/jvm/java-11-openjdk-amd64/lib/modules
7f0f8be4d000-7f0f8c000000 rw-p 00000000 00:00 0 
7f0f8c000000-7f0f8c5e9000 rw-p 00000000 00:00 0 
7f0f8c5e9000-7f0f90000000 ---p 00000000 00:00 0 
7f0f90023000-7f0f90027000 r--p 00000000 103:05 6164540                   /usr/lib/jvm/java-11-openjdk-amd64/lib/libnet.so
7f0f90027000-7f0f90035000 r-xp 00004000 103:05 6164540                   /usr/lib/jvm/java-11-openjdk-amd64/lib/libnet.so
7f0f90035000-7f0f90039000 r--p 00012000 103:05 6164540                   /usr/lib/jvm/java-11-openjdk-amd64/lib/libnet.so
7f0f90039000-7f0f9003a000 r--p 00015000 103:05 6164540                   /usr/lib/jvm/java-11-openjdk-amd64/lib/libnet.so
7f0f9003a000-7f0f9003b000 rw-p 00016000 103:05 6164540                   /usr/lib/jvm/java-11-openjdk-amd64/lib/libnet.so
7f0f9003b000-7f0f90042000 r--p 00000000 103:05 6164542                   /usr/lib/jvm/java-11-openjdk-amd64/lib/libnio.so
7f0f90042000-7f0f9004a000 r-xp 00007000 103:05 6164542                   /usr/lib/jvm/java-11-openjdk-amd64/lib/libnio.so
7f0f9004a000-7f0f9004d000 r--p 0000f000 103:05 6164542                   /usr/lib/jvm/java-11-openjdk-amd64/lib/libnio.so
7f0f9004d000-7f0f9004e000 r--p 00011000 103:05 6164542                   /usr/lib/jvm/java-11-openjdk-amd64/lib/libnio.so
7f0f9004e000-7f0f9004f000 rw-p 00012000 103:05 6164542                   /usr/lib/jvm/java-11-openjdk-amd64/lib/libnio.so
7f0f9004f000-7f0f90655000 rw-p 00000000 00:00 0 
7f0f90655000-7f0f90656000 ---p 00000000 00:00 0 
7f0f90656000-7f0f90757000 rw-p 00000000 00:00 0 
7f0f90757000-7f0f90758000 ---p 00000000 00:00 0 
7f0f90758000-7f0f9172c000 rw-p 00000000 00:00 0 
7f0f9172c000-7f0f9172d000 ---p 00000000 00:00 0 
7f0f9172d000-7f0f91833000 rw-p 00000000 00:00 0 
7f0f91833000-7f0f91917000 ---p 00000000 00:00 0 
7f0f91917000-7f0f9191c000 rw-p 00000000 00:00 0 
7f0f9191c000-7f0f91a00000 ---p 00000000 00:00 0 
7f0f91a00000-7f0f91a9a000 r--p 00000000 103:05 4459514                   /usr/lib/x86_64-linux-gnu/libstdc++.so.6.0.30
7f0f91a9a000-7f0f91baa000 r-xp 0009a000 103:05 4459514                   /usr/lib/x86_64-linux-gnu/libstdc++.so.6.0.30
7f0f91baa000-7f0f91c19000 r--p 001aa000 103:05 4459514                   /usr/lib/x86_64-linux-gnu/libstdc++.so.6.0.30
7f0f91c19000-7f0f91c24000 r--p 00218000 103:05 4459514                   /usr/lib/x86_64-linux-gnu/libstdc++.so.6.0.30
7f0f91c24000-7f0f91c27000 rw-p 00223000 103:05 4459514                   /usr/lib/x86_64-linux-gnu/libstdc++.so.6.0.30
7f0f91c27000-7f0f91c2a000 rw-p 00000000 00:00 0 
7f0f91c3b000-7f0f91d00000 rw-p 00000000 00:00 0 
7f0f91d00000-7f0f91d04000 ---p 00000000 00:00 0 
7f0f91d04000-7f0f91e00000 rw-p 00000000 00:00 0 
7f0f91e00000-7f0f92082000 r--p 00000000 103:05 6164662                   /usr/lib/jvm/java-11-openjdk-amd64/lib/server/libjvm.so
7f0f92082000-7f0f92d1c000 r-xp 00282000 103:05 6164662                   /usr/lib/jvm/java-11-openjdk-amd64/lib/server/libjvm.so
7f0f92d1c000-7f0f92f77000 r--p 00f1c000 103:05 6164662                   /usr/lib/jvm/java-11-openjdk-amd64/lib/server/libjvm.so
7f0f92f77000-7f0f9303b000 r--p 01176000 103:05 6164662                   /usr/lib/jvm/java-11-openjdk-amd64/lib/server/libjvm.so
7f0f9303b000-7f0f93076000 rw-p 0123a000 103:05 6164662                   /usr/lib/jvm/java-11-openjdk-amd64/lib/server/libjvm.so
7f0f93076000-7f0f930cd000 rw-p 00000000 00:00 0 
7f0f930ce000-7f0f93119000 rw-p 00000000 00:00 0 
7f0f93119000-7f0f93127000 r--p 00000000 103:05 4458601                   /usr/lib/x86_64-linux-gnu/libm.so.6
7f0f93127000-7f0f931a3000 r-xp 0000e000 103:05 4458601                   /usr/lib/x86_64-linux-gnu/libm.so.6
7f0f931a3000-7f0f931fe000 r--p 0008a000 103:05 4458601                   /usr/lib/x86_64-linux-gnu/libm.so.6
7f0f931fe000-7f0f931ff000 r--p 000e4000 103:05 4458601                   /usr/lib/x86_64-linux-gnu/libm.so.6
7f0f931ff000-7f0f93200000 rw-p 000e5000 103:05 4458601                   /usr/lib/x86_64-linux-gnu/libm.so.6
7f0f93200000-7f0f93228000 r--p 00000000 103:05 4458593                   /usr/lib/x86_64-linux-gnu/libc.so.6
7f0f93228000-7f0f933bd000 r-xp 00028000 103:05 4458593                   /usr/lib/x86_64-linux-gnu/libc.so.6
7f0f933bd000-7f0f93415000 r--p 001bd000 103:05 4458593                   /usr/lib/x86_64-linux-gnu/libc.so.6
7f0f93415000-7f0f93419000 r--p 00214000 103:05 4458593                   /usr/lib/x86_64-linux-gnu/libc.so.6
7f0f93419000-7f0f9341b000 rw-p 00218000 103:05 4458593                   /usr/lib/x86_64-linux-gnu/libc.so.6
7f0f9341b000-7f0f93428000 rw-p 00000000 00:00 0 
7f0f93429000-7f0f93430000 r--s 00000000 103:05 5117164                   /usr/lib/x86_64-linux-gnu/gconv/gconv-modules.cache
7f0f93430000-7f0f93438000 rw-p 00000000 00:00 0 
7f0f93438000-7f0f9343f000 ---p 00000000 00:00 0 
7f0f9343f000-7f0f93441000 r--s 0000c000 103:05 5379091                   /usr/share/java/java-atk-wrapper.jar
7f0f93441000-7f0f93443000 r--p 00000000 103:05 6164558                   /usr/lib/jvm/java-11-openjdk-amd64/lib/libzip.so
7f0f93443000-7f0f93448000 r-xp 00002000 103:05 6164558                   /usr/lib/jvm/java-11-openjdk-amd64/lib/libzip.so
7f0f93448000-7f0f9344a000 r--p 00007000 103:05 6164558                   /usr/lib/jvm/java-11-openjdk-amd64/lib/libzip.so
7f0f9344a000-7f0f9344b000 r--p 00008000 103:05 6164558                   /usr/lib/jvm/java-11-openjdk-amd64/lib/libzip.so
7f0f9344b000-7f0f9344c000 rw-p 00009000 103:05 6164558                   /usr/lib/jvm/java-11-openjdk-amd64/lib/libzip.so
7f0f9344c000-7f0f93454000 rw-s 00000000 103:05 397672                    /tmp/hsperfdata_nik/76393
7f0f93454000-7f0f93456000 r--p 00000000 103:05 6164524                   /usr/lib/jvm/java-11-openjdk-amd64/lib/libjimage.so
7f0f93456000-7f0f93459000 r-xp 00002000 103:05 6164524                   /usr/lib/jvm/java-11-openjdk-amd64/lib/libjimage.so
7f0f93459000-7f0f9345a000 r--p 00005000 103:05 6164524                   /usr/lib/jvm/java-11-openjdk-amd64/lib/libjimage.so
7f0f9345a000-7f0f9345b000 ---p 00006000 103:05 6164524                   /usr/lib/jvm/java-11-openjdk-amd64/lib/libjimage.so
7f0f9345b000-7f0f9345c000 r--p 00006000 103:05 6164524                   /usr/lib/jvm/java-11-openjdk-amd64/lib/libjimage.so
7f0f9345c000-7f0f9345d000 rw-p 00007000 103:05 6164524                   /usr/lib/jvm/java-11-openjdk-amd64/lib/libjimage.so
7f0f9345d000-7f0f9346b000 r--p 00000000 103:05 6164518                   /usr/lib/jvm/java-11-openjdk-amd64/lib/libjava.so
7f0f9346b000-7f0f93481000 r-xp 0000e000 103:05 6164518                   /usr/lib/jvm/java-11-openjdk-amd64/lib/libjava.so
7f0f93481000-7f0f93488000 r--p 00024000 103:05 6164518                   /usr/lib/jvm/java-11-openjdk-amd64/lib/libjava.so
7f0f93488000-7f0f93489000 r--p 0002a000 103:05 6164518                   /usr/lib/jvm/java-11-openjdk-amd64/lib/libjava.so
7f0f93489000-7f0f9348a000 rw-p 0002b000 103:05 6164518                   /usr/lib/jvm/java-11-openjdk-amd64/lib/libjava.so
7f0f9348a000-7f0f9348b000 rw-p 00000000 00:00 0 
7f0f9348b000-7f0f9348c000 r--p 00000000 103:05 4458633                   /usr/lib/x86_64-linux-gnu/librt.so.1
7f0f9348c000-7f0f9348d000 r-xp 00001000 103:05 4458633                   /usr/lib/x86_64-linux-gnu/librt.so.1
7f0f9348d000-7f0f9348e000 r--p 00002000 103:05 4458633                   /usr/lib/x86_64-linux-gnu/librt.so.1
7f0f9348e000-7f0f9348f000 r--p 00002000 103:05 4458633                   /usr/lib/x86_64-linux-gnu/librt.so.1
7f0f9348f000-7f0f93490000 rw-p 00003000 103:05 4458633                   /usr/lib/x86_64-linux-gnu/librt.so.1
7f0f93490000-7f0f93493000 r--p 00000000 103:05 4459506                   /usr/lib/x86_64-linux-gnu/libgcc_s.so.1
7f0f93493000-7f0f934aa000 r-xp 00003000 103:05 4459506                   /usr/lib/x86_64-linux-gnu/libgcc_s.so.1
7f0f934aa000-7f0f934ae000 r--p 0001a000 103:05 4459506                   /usr/lib/x86_64-linux-gnu/libgcc_s.so.1
7f0f934ae000-7f0f934af000 r--p 0001d000 103:05 4459506                   /usr/lib/x86_64-linux-gnu/libgcc_s.so.1
7f0f934af000-7f0f934b0000 rw-p 0001e000 103:05 4459506                   /usr/lib/x86_64-linux-gnu/libgcc_s.so.1
7f0f934b0000-7f0f934b2000 rw-p 00000000 00:00 0 
7f0f934b2000-7f0f934b4000 r--p 00000000 103:05 4457414                   /usr/lib/x86_64-linux-gnu/libz.so.1.2.11
7f0f934b4000-7f0f934c5000 r-xp 00002000 103:05 4457414                   /usr/lib/x86_64-linux-gnu/libz.so.1.2.11
7f0f934c5000-7f0f934cb000 r--p 00013000 103:05 4457414                   /usr/lib/x86_64-linux-gnu/libz.so.1.2.11
7f0f934cb000-7f0f934cc000 ---p 00019000 103:05 4457414                   /usr/lib/x86_64-linux-gnu/libz.so.1.2.11
7f0f934cc000-7f0f934cd000 r--p 00019000 103:05 4457414                   /usr/lib/x86_64-linux-gnu/libz.so.1.2.11
7f0f934cd000-7f0f934ce000 rw-p 0001a000 103:05 4457414                   /usr/lib/x86_64-linux-gnu/libz.so.1.2.11
7f0f934cf000-7f0f934d0000 ---p 00000000 00:00 0 
7f0f934d0000-7f0f934d1000 r--p 00000000 00:00 0 
7f0f934d1000-7f0f934d6000 r--p 00000000 103:05 6164556                   /usr/lib/jvm/java-11-openjdk-amd64/lib/libverify.so
7f0f934d6000-7f0f934dd000 r-xp 00005000 103:05 6164556                   /usr/lib/jvm/java-11-openjdk-amd64/lib/libverify.so
7f0f934dd000-7f0f934df000 r--p 0000c000 103:05 6164556                   /usr/lib/jvm/java-11-openjdk-amd64/lib/libverify.so
7f0f934df000-7f0f934e1000 r--p 0000d000 103:05 6164556                   /usr/lib/jvm/java-11-openjdk-amd64/lib/libverify.so
7f0f934e1000-7f0f934e2000 rw-p 0000f000 103:05 6164556                   /usr/lib/jvm/java-11-openjdk-amd64/lib/libverify.so
7f0f934e2000-7f0f934e5000 r--p 00000000 103:05 6164255                   /usr/lib/jvm/java-11-openjdk-amd64/lib/jli/libjli.so
7f0f934e5000-7f0f934ef000 r-xp 00003000 103:05 6164255                   /usr/lib/jvm/java-11-openjdk-amd64/lib/jli/libjli.so
7f0f934ef000-7f0f934f2000 r--p 0000d000 103:05 6164255                   /usr/lib/jvm/java-11-openjdk-amd64/lib/jli/libjli.so
7f0f934f2000-7f0f934f3000 ---p 00010000 103:05 6164255                   /usr/lib/jvm/java-11-openjdk-amd64/lib/jli/libjli.so
7f0f934f3000-7f0f934f4000 r--p 00010000 103:05 6164255                   /usr/lib/jvm/java-11-openjdk-amd64/lib/jli/libjli.so
7f0f934f4000-7f0f934f5000 rw-p 00011000 103:05 6164255                   /usr/lib/jvm/java-11-openjdk-amd64/lib/jli/libjli.so
7f0f934f5000-7f0f934f7000 rw-p 00000000 00:00 0 
7f0f934f7000-7f0f934f9000 r--p 00000000 103:05 4458585                   /usr/lib/x86_64-linux-gnu/ld-linux-x86-64.so.2
7f0f934f9000-7f0f93523000 r-xp 00002000 103:05 4458585                   /usr/lib/x86_64-linux-gnu/ld-linux-x86-64.so.2
7f0f93523000-7f0f9352e000 r--p 0002c000 103:05 4458585                   /usr/lib/x86_64-linux-gnu/ld-linux-x86-64.so.2
7f0f9352f000-7f0f93531000 r--p 00037000 103:05 4458585                   /usr/lib/x86_64-linux-gnu/ld-linux-x86-64.so.2
7f0f93531000-7f0f93533000 rw-p 00039000 103:05 4458585                   /usr/lib/x86_64-linux-gnu/ld-linux-x86-64.so.2
7ffeffa86000-7ffeffaa7000 rw-p 00000000 00:00 0                          [stack]
7ffeffb58000-7ffeffb5c000 r--p 00000000 00:00 0                          [vvar]
7ffeffb5c000-7ffeffb5e000 r-xp 00000000 00:00 0                          [vdso]
ffffffffff600000-ffffffffff601000 --xp 00000000 00:00 0                  [vsyscall]


VM Arguments:
jvm_args: -Dfile.encoding=UTF-8 -Duser.country=US -Duser.language=en -Duser.variant 
java_command: org.aspectj.tools.ajc.Main -argfile /home/nik/open-kilda/src-java/floodlightrouter-topology/floodlightrouter-storm-topology/build/tmp/compileJava/ajc.options
java_class_path (initial): /home/nik/.gradle/caches/modules-2/files-2.1/org.aspectj/aspectjtools/1.9.7/1eb5dbd0fe0fcf7b93b149127b0604c482f46aec/aspectjtools-1.9.7.jar
Launcher Type: SUN_STANDARD

[Global flags]
     intx CICompilerCount                          = 12                                        {product} {ergonomic}
     uint ConcGCThreads                            = 3                                         {product} {ergonomic}
     uint G1ConcRefinementThreads                  = 13                                        {product} {ergonomic}
   size_t G1HeapRegionSize                         = 2097152                                   {product} {ergonomic}
    uintx GCDrainStackTargetSize                   = 64                                        {product} {ergonomic}
   size_t InitialHeapSize                          = 622854144                                 {product} {ergonomic}
   size_t MarkStackSize                            = 4194304                                   {product} {ergonomic}
   size_t MaxHeapSize                              = 9942597632                                {product} {ergonomic}
   size_t MaxNewSize                               = 5964300288                                {product} {ergonomic}
   size_t MinHeapDeltaBytes                        = 2097152                                   {product} {ergonomic}
    uintx NonNMethodCodeHeapSize                   = 7594288                                {pd product} {ergonomic}
    uintx NonProfiledCodeHeapSize                  = 122031976                              {pd product} {ergonomic}
    uintx ProfiledCodeHeapSize                     = 122031976                              {pd product} {ergonomic}
    uintx ReservedCodeCacheSize                    = 251658240                              {pd product} {ergonomic}
     bool SegmentedCodeCache                       = true                                      {product} {ergonomic}
     bool UseCompressedClassPointers               = true                                 {lp64_product} {ergonomic}
     bool UseCompressedOops                        = true                                 {lp64_product} {ergonomic}
     bool UseG1GC                                  = true                                      {product} {ergonomic}

Logging:
Log output configuration:
 #0: stdout all=warning uptime,level,tags
 #1: stderr all=off uptime,level,tags

Environment Variables:
PATH=/home/nik/.local/bin:/usr/local/sbin:/usr/local/bin:/usr/sbin:/usr/bin:/sbin:/bin:/usr/games:/usr/local/games:/snap/bin:/snap/bin
USERNAME=nik
SHELL=/bin/bash
DISPLAY=:1
LANG=en_US.UTF-8
LC_NUMERIC=ru_RU.UTF-8
LC_TIME=ru_RU.UTF-8
TERM=xterm-256color

Signal Handlers:
SIGSEGV: [libjvm.so+0xea9a80], sa_mask[0]=11111111011111111101111111111110, sa_flags=SA_RESTART|SA_SIGINFO
SIGBUS: [libjvm.so+0xea9a80], sa_mask[0]=11111111011111111101111111111110, sa_flags=SA_RESTART|SA_SIGINFO
SIGFPE: [libjvm.so+0xea9a80], sa_mask[0]=11111111011111111101111111111110, sa_flags=SA_RESTART|SA_SIGINFO
SIGPIPE: [libjvm.so+0xbecfd0], sa_mask[0]=11111111011111111101111111111110, sa_flags=SA_RESTART|SA_SIGINFO
SIGXFSZ: [libjvm.so+0xbecfd0], sa_mask[0]=11111111011111111101111111111110, sa_flags=SA_RESTART|SA_SIGINFO
SIGILL: [libjvm.so+0xea9a80], sa_mask[0]=11111111011111111101111111111110, sa_flags=SA_RESTART|SA_SIGINFO
SIGUSR2: [libjvm.so+0xbece70], sa_mask[0]=00100000000000000000000000000000, sa_flags=SA_RESTART|SA_SIGINFO
SIGHUP: [libjvm.so+0xbed250], sa_mask[0]=11111111011111111101111111111110, sa_flags=SA_RESTART|SA_SIGINFO
SIGINT: [libjvm.so+0xbed250], sa_mask[0]=11111111011111111101111111111110, sa_flags=SA_RESTART|SA_SIGINFO
SIGTERM: [libjvm.so+0xbed250], sa_mask[0]=11111111011111111101111111111110, sa_flags=SA_RESTART|SA_SIGINFO
SIGQUIT: [libjvm.so+0xbed250], sa_mask[0]=11111111011111111101111111111110, sa_flags=SA_RESTART|SA_SIGINFO


---------------  S Y S T E M  ---------------

OS:DISTRIB_ID=Ubuntu
DISTRIB_RELEASE=22.04
DISTRIB_CODENAME=jammy
DISTRIB_DESCRIPTION="Ubuntu 22.04.2 LTS"
uname:Linux 5.19.0-38-generic #39~22.04.1-Ubuntu SMP PREEMPT_DYNAMIC Fri Mar 17 21:16:15 UTC 2 x86_64
OS uptime: 0 days 17:48 hours
libc:glibc 2.35 NPTL 2.35 
rlimit (soft/hard): STACK 8192k/infinity , CORE 0k/infinity , NPROC 151198/151198 , NOFILE 1048576/1048576 , AS infinity/infinity , CPU infinity/infinity , DATA infinity/infinity , FSIZE infinity/infinity , MEMLOCK 4854260k/4854260k
load average:42,40 29,62 22,10

/proc/meminfo:
MemTotal:       38834108 kB
MemFree:          935028 kB
MemAvailable:    8413212 kB
Buffers:          481708 kB
Cached:          7321584 kB
SwapCached:          796 kB
Active:          4607392 kB
Inactive:       31754968 kB
Active(anon):      35996 kB
Inactive(anon): 28860372 kB
Active(file):    4571396 kB
Inactive(file):  2894596 kB
Unevictable:       14640 kB
Mlocked:           14640 kB
SwapTotal:      16777212 kB
SwapFree:       16755452 kB
Zswap:                 0 kB
Zswapped:              0 kB
Dirty:              2752 kB
Writeback:             0 kB
AnonPages:      28575412 kB
Mapped:          2312892 kB
Shmem:            330360 kB
KReclaimable:     544732 kB
Slab:             919160 kB
SReclaimable:     544732 kB
SUnreclaim:       374428 kB
KernelStack:       55624 kB
PageTables:       140536 kB
NFS_Unstable:          0 kB
Bounce:                0 kB
WritebackTmp:          0 kB
CommitLimit:    36194264 kB
Committed_AS:   48969768 kB
VmallocTotal:   34359738367 kB
VmallocUsed:      194348 kB
VmallocChunk:          0 kB
Percpu:            25152 kB
HardwareCorrupted:     0 kB
AnonHugePages:         0 kB
ShmemHugePages:        0 kB
ShmemPmdMapped:        0 kB
FileHugePages:         0 kB
FilePmdMapped:         0 kB
HugePages_Total:       0
HugePages_Free:        0
HugePages_Rsvd:        0
HugePages_Surp:        0
Hugepagesize:       2048 kB
Hugetlb:               0 kB
DirectMap4k:      967620 kB
DirectMap2M:    22968320 kB
DirectMap1G:    15728640 kB

/sys/kernel/mm/transparent_hugepage/enabled:
always [madvise] never
/sys/kernel/mm/transparent_hugepage/defrag (defrag/compaction efforts parameter):
always defer defer+madvise [madvise] never

Process Memory:
Virtual Size: 14165160K (peak: 21440384K)
Resident Set Size: 258856K (peak: 258856K) (anon: 228156K, file: 30700K, shmem: 0K)
Swapped out: 0K
C-Heap outstanding allocations: 79322K, retained: 12077K
glibc malloc tunables: (default)

/proc/sys/kernel/threads-max (system-wide limit on the number of threads):
302397
/proc/sys/vm/max_map_count (maximum number of memory map areas a process may have):
65530
/proc/sys/kernel/pid_max (system-wide limit on number of process identifiers):
4194304

container (cgroup) information:
container_type: cgroupv2
cpu_cpuset_cpus: not supported
cpu_memory_nodes: not supported
active_processor_count: 16
cpu_quota: not supported
cpu_period: not supported
cpu_shares: not supported
memory_limit_in_bytes: unlimited
memory_and_swap_limit_in_bytes: unlimited
memory_soft_limit_in_bytes: unlimited
memory_usage_in_bytes: 12443616 k
memory_max_usage_in_bytes: not supported
maximum number of tasks: 45359
current number of tasks: 1285

Steal ticks since vm start: 0
Steal ticks percentage since vm start:  0,000

CPU:total 16 (initial active 16) (16 cores per cpu, 2 threads per core) family 23 model 104 stepping 1 microcode 0x8608103, cmov, cx8, fxsr, mmx, sse, sse2, sse3, ssse3, sse4.1, sse4.2, popcnt, avx, avx2, aes, clmul, mmxext, 3dnowpref, lzcnt, sse4a, ht, tsc, tscinvbit, tscinv, bmi1, bmi2, adx, sha, fma
CPU Model and flags from /proc/cpuinfo:
model name	: AMD Ryzen 7 5700U with Radeon Graphics
flags		: fpu vme de pse tsc msr pae mce cx8 apic sep mtrr pge mca cmov pat pse36 clflush mmx fxsr sse sse2 ht syscall nx mmxext fxsr_opt pdpe1gb rdtscp lm constant_tsc rep_good nopl nonstop_tsc cpuid extd_apicid aperfmperf rapl pni pclmulqdq monitor ssse3 fma cx16 sse4_1 sse4_2 movbe popcnt aes xsave avx f16c rdrand lahf_lm cmp_legacy svm extapic cr8_legacy abm sse4a misalignsse 3dnowprefetch osvw ibs skinit wdt tce topoext perfctr_core perfctr_nb bpext perfctr_llc mwaitx cpb cat_l3 cdp_l3 hw_pstate ssbd mba ibrs ibpb stibp vmmcall fsgsbase bmi1 avx2 smep bmi2 cqm rdt_a rdseed adx smap clflushopt clwb sha_ni xsaveopt xsavec xgetbv1 xsaves cqm_llc cqm_occup_llc cqm_mbm_total cqm_mbm_local clzero irperf xsaveerptr rdpru wbnoinvd cppc arat npt lbrv svm_lock nrip_save tsc_scale vmcb_clean flushbyasid decodeassists pausefilter pfthreshold avic v_vmsave_vmload vgif v_spec_ctrl umip rdpid overflow_recov succor smca
Online cpus:
0-15
Offline cpus:

BIOS frequency limitation:
1800000
Frequency switch latency (ns):
0
Available cpu frequencies:
1800000 1700000 1400000 
Current governor:
schedutil
Core performance/turbo boost:
1

Memory: 4k page, physical 38834108k(940280k free), swap 16777212k(16755452k free)

vm_info: OpenJDK 64-Bit Server VM (11.0.18+10-post-Ubuntu-0ubuntu122.04) for linux-amd64 JRE (11.0.18+10-post-Ubuntu-0ubuntu122.04), built on Jan 20 2023 09:07:44 by "unknown" with gcc 11.3.0

END.
